#
# There is insufficient memory for the Java Runtime Environment to continue.
# Native memory allocation (malloc) failed to allocate 1103376 bytes for Chunk::new
# Possible reasons:
#   The system is out of physical RAM or swap space
#   The process is running with CompressedOops enabled, and the Java Heap may be blocking the growth of the native heap
# Possible solutions:
#   Reduce memory load on the system
#   Increase physical memory or swap space
#   Check if swap backing store is full
#   Decrease Java heap size (-Xmx/-Xms)
#   Decrease number of Java threads
#   Decrease Java thread stack sizes (-Xss)
#   Set larger code cache with -XX:ReservedCodeCacheSize=
#   JVM is running with Unscaled Compressed Oops mode in which the Java heap is
#     placed in the first 4GB address space. The Java Heap base address is the
#     maximum limit for the native heap growth. Please use -XX:HeapBaseMinAddress
#     to set the Java Heap base and to place the Java Heap above 4GB virtual address.
# This output file may be truncated or incomplete.
#
#  Out of Memory Error (arena.cpp:189), pid=9072, tid=9688
#
# JRE version: OpenJDK Runtime Environment (17.0.7) (build 17.0.7+0-b2043.56-10550314)
# Java VM: OpenJDK 64-Bit Server VM (17.0.7+0-b2043.56-10550314, mixed mode, tiered, compressed oops, compressed class ptrs, g1 gc, windows-amd64)
# No core dump will be written. Minidumps are not enabled by default on client versions of Windows
#

---------------  S U M M A R Y ------------

Command Line: --add-opens=java.base/java.util=ALL-UNNAMED --add-opens=java.base/java.lang=ALL-UNNAMED --add-opens=java.base/java.lang.invoke=ALL-UNNAMED --add-opens=java.prefs/java.util.prefs=ALL-UNNAMED --add-opens=java.base/java.nio.charset=ALL-UNNAMED --add-opens=java.base/java.net=ALL-UNNAMED --add-opens=java.base/java.util.concurrent.atomic=ALL-UNNAMED -Xmx2048m -Dfile.encoding=UTF-8 -Duser.country=RU -Duser.language=ru -Duser.variant -javaagent:C:\Users\쾎嗚\.gradle\wrapper\dists\gradle-8.2-bin\bbg7u40eoinfdyxsxr3z4i7ta\gradle-8.2\lib\agents\gradle-instrumentation-agent-8.2.jar org.gradle.launcher.daemon.bootstrap.GradleDaemon 8.2

Host: Intel(R) Core(TM) i7-9750H CPU @ 2.60GHz, 12 cores, 15G,  Windows 10 , 64 bit Build 19041 (10.0.19041.3636)
Time: Thu Apr  4 00:29:35 2024  Windows 10 , 64 bit Build 19041 (10.0.19041.3636) elapsed time: 8.051244 seconds (0d 0h 0m 8s)

---------------  T H R E A D  ---------------

Current thread (0x00000186a39071e0):  JavaThread "C2 CompilerThread0" daemon [_thread_in_native, id=9688, stack(0x000000120fc00000,0x000000120fd00000)]


Current CompileTask:
C2:   8051 6738   !   4       java.net.URLClassLoader::findClass (47 bytes)

Stack: [0x000000120fc00000,0x000000120fd00000]
Native frames: (J=compiled Java code, j=interpreted, Vv=VM code, C=native code)
V  [jvm.dll+0x683bfa]
V  [jvm.dll+0x8430a4]
V  [jvm.dll+0x8449be]
V  [jvm.dll+0x845023]
V  [jvm.dll+0x24ad2f]
V  [jvm.dll+0xac25c]
V  [jvm.dll+0xac82c]
V  [jvm.dll+0x36a132]
V  [jvm.dll+0x1be138]
V  [jvm.dll+0x21d3a9]
V  [jvm.dll+0x21c671]
V  [jvm.dll+0x1a605d]
V  [jvm.dll+0x22c148]
V  [jvm.dll+0x22a209]
V  [jvm.dll+0x7f858c]
V  [jvm.dll+0x7f2aea]
V  [jvm.dll+0x682a35]
C  [ucrtbase.dll+0x21bb2]
C  [KERNEL32.DLL+0x17344]
C  [ntdll.dll+0x526b1]


---------------  P R O C E S S  ---------------

Threads class SMR info:
_java_thread_list=0x00000186ad9396b0, length=60, elements={
0x00000186894801e0, 0x00000186a38d1840, 0x00000186a38b4320, 0x00000186a3900990,
0x00000186a3901450, 0x00000186a3903d20, 0x00000186a39065f0, 0x00000186a39071e0,
0x00000186a3907ae0, 0x00000186a39085f0, 0x00000186a3a4b030, 0x00000186a3ba0080,
0x00000186aa067370, 0x00000186a80eea10, 0x00000186a999ba40, 0x00000186a9c0a590,
0x00000186a96f15d0, 0x00000186aa2ad310, 0x00000186aa2ac4a0, 0x00000186aa2ac970,
0x00000186aa2ab160, 0x00000186aa2aac90, 0x00000186aa2ab630, 0x00000186aa2a9e20,
0x00000186aa2aa2f0, 0x00000186aa2aa7c0, 0x00000186aa2ace40, 0x00000186aa2abfd0,
0x00000186acbb1e40, 0x00000186acbb2310, 0x00000186acbb3180, 0x00000186acbb44c0,
0x00000186acbb3b20, 0x00000186acbb3ff0, 0x00000186acbb3650, 0x00000186acbb4e60,
0x00000186acbb5330, 0x00000186acbb5800, 0x00000186abe5f7c0, 0x00000186abe63ff0,
0x00000186abe62cb0, 0x00000186abe66670, 0x00000186abe63b20, 0x00000186abe627e0,
0x00000186abe644c0, 0x00000186abe64990, 0x00000186abe661a0, 0x00000186abe63650,
0x00000186abe64e60, 0x00000186abe65cd0, 0x00000186abe60630, 0x00000186abe61e40,
0x00000186abe62310, 0x00000186abe63180, 0x00000186abe66b40, 0x00000186abe65800,
0x00000186abe5f2f0, 0x00000186abe60fd0, 0x00000186aa2eec50, 0x00000186aa2f2140
}

Java Threads: ( => current thread )
  0x00000186894801e0 JavaThread "main" [_thread_blocked, id=13828, stack(0x000000120ef00000,0x000000120f000000)]
  0x00000186a38d1840 JavaThread "Reference Handler" daemon [_thread_blocked, id=19188, stack(0x000000120f600000,0x000000120f700000)]
  0x00000186a38b4320 JavaThread "Finalizer" daemon [_thread_blocked, id=13644, stack(0x000000120f700000,0x000000120f800000)]
  0x00000186a3900990 JavaThread "Signal Dispatcher" daemon [_thread_blocked, id=3364, stack(0x000000120f800000,0x000000120f900000)]
  0x00000186a3901450 JavaThread "Attach Listener" daemon [_thread_blocked, id=18480, stack(0x000000120f900000,0x000000120fa00000)]
  0x00000186a3903d20 JavaThread "Service Thread" daemon [_thread_blocked, id=15136, stack(0x000000120fa00000,0x000000120fb00000)]
  0x00000186a39065f0 JavaThread "Monitor Deflation Thread" daemon [_thread_blocked, id=17928, stack(0x000000120fb00000,0x000000120fc00000)]
=>0x00000186a39071e0 JavaThread "C2 CompilerThread0" daemon [_thread_in_native, id=9688, stack(0x000000120fc00000,0x000000120fd00000)]
  0x00000186a3907ae0 JavaThread "C1 CompilerThread0" daemon [_thread_blocked, id=4352, stack(0x000000120fd00000,0x000000120fe00000)]
  0x00000186a39085f0 JavaThread "Sweeper thread" daemon [_thread_blocked, id=14340, stack(0x000000120fe00000,0x000000120ff00000)]
  0x00000186a3a4b030 JavaThread "Common-Cleaner" daemon [_thread_blocked, id=1448, stack(0x000000120ff00000,0x0000001210000000)]
  0x00000186a3ba0080 JavaThread "Notification Thread" daemon [_thread_blocked, id=16156, stack(0x0000001210000000,0x0000001210100000)]
  0x00000186aa067370 JavaThread "Daemon health stats" [_thread_blocked, id=4332, stack(0x0000001210900000,0x0000001210a00000)]
  0x00000186a80eea10 JavaThread "Incoming local TCP Connector on port 56730" [_thread_in_native, id=10484, stack(0x0000001210300000,0x0000001210400000)]
  0x00000186a999ba40 JavaThread "Daemon periodic checks" [_thread_blocked, id=9012, stack(0x0000001210a00000,0x0000001210b00000)]
  0x00000186a9c0a590 JavaThread "Daemon" [_thread_blocked, id=13280, stack(0x0000001210b00000,0x0000001210c00000)]
  0x00000186a96f15d0 JavaThread "Handler for socket connection from /127.0.0.1:56730 to /127.0.0.1:56731" [_thread_in_native, id=10872, stack(0x0000001210c00000,0x0000001210d00000)]
  0x00000186aa2ad310 JavaThread "Cancel handler" [_thread_blocked, id=8732, stack(0x0000001210d00000,0x0000001210e00000)]
  0x00000186aa2ac4a0 JavaThread "Daemon worker" [_thread_in_vm, id=3672, stack(0x0000001210e00000,0x0000001210f00000)]
  0x00000186aa2ac970 JavaThread "Asynchronous log dispatcher for DefaultDaemonConnection: socket connection from /127.0.0.1:56730 to /127.0.0.1:56731" [_thread_blocked, id=15192, stack(0x0000001210f00000,0x0000001211000000)]
  0x00000186aa2ab160 JavaThread "Stdin handler" [_thread_blocked, id=10804, stack(0x0000001211000000,0x0000001211100000)]
  0x00000186aa2aac90 JavaThread "Daemon client event forwarder" [_thread_blocked, id=7536, stack(0x0000001211100000,0x0000001211200000)]
  0x00000186aa2ab630 JavaThread "Cache worker for journal cache (C:\Users\햇햡쮐\.gradle\caches\journal-1)" [_thread_blocked, id=7472, stack(0x0000001210200000,0x0000001210300000)]
  0x00000186aa2a9e20 JavaThread "File lock request listener" [_thread_in_native, id=16648, stack(0x0000001211800000,0x0000001211900000)]
  0x00000186aa2aa2f0 JavaThread "Cache worker for file hash cache (C:\Users\햇햡쮐\.gradle\caches\8.2\fileHashes)" [_thread_blocked, id=11316, stack(0x0000001211a00000,0x0000001211b00000)]
  0x00000186aa2aa7c0 JavaThread "File watcher server" daemon [_thread_in_native, id=19200, stack(0x0000001211c00000,0x0000001211d00000)]
  0x00000186aa2ace40 JavaThread "File watcher consumer" daemon [_thread_blocked, id=20024, stack(0x0000001211d00000,0x0000001211e00000)]
  0x00000186aa2abfd0 JavaThread "Cache worker for checksums cache (D:\Start\.gradle\8.2\checksums)" [_thread_blocked, id=17532, stack(0x0000001211e00000,0x0000001211f00000)]
  0x00000186acbb1e40 JavaThread "Cache worker for cache directory md-rule (C:\Users\햇햡쮐\.gradle\caches\8.2\md-rule)" [_thread_blocked, id=12840, stack(0x0000001211f00000,0x0000001212000000)]
  0x00000186acbb2310 JavaThread "Cache worker for file content cache (C:\Users\햇햡쮐\.gradle\caches\8.2\fileContent)" [_thread_blocked, id=1536, stack(0x0000001212000000,0x0000001212100000)]
  0x00000186acbb3180 JavaThread "Cache worker for file hash cache (D:\Start\.gradle\8.2\fileHashes)" [_thread_blocked, id=9952, stack(0x0000001212100000,0x0000001212200000)]
  0x00000186acbb44c0 JavaThread "Cache worker for cache directory md-supplier (C:\Users\햇햡쮐\.gradle\caches\8.2\md-supplier)" [_thread_blocked, id=16180, stack(0x0000001212200000,0x0000001212300000)]
  0x00000186acbb3b20 JavaThread "Cache worker for execution history cache (C:\Users\햇햡쮐\.gradle\caches\8.2\executionHistory)" [_thread_blocked, id=17048, stack(0x0000001212300000,0x0000001212400000)]
  0x00000186acbb3ff0 JavaThread "jar transforms" [_thread_blocked, id=10676, stack(0x0000001212400000,0x0000001212500000)]
  0x00000186acbb3650 JavaThread "jar transforms Thread 2" [_thread_blocked, id=9728, stack(0x0000001212500000,0x0000001212600000)]
  0x00000186acbb4e60 JavaThread "Cache worker for kotlin-dsl (C:\Users\햇햡쮐\.gradle\caches\8.2\kotlin-dsl)" [_thread_blocked, id=10888, stack(0x0000001212600000,0x0000001212700000)]
  0x00000186acbb5330 JavaThread "jar transforms Thread 3" [_thread_blocked, id=18176, stack(0x0000001212700000,0x0000001212800000)]
  0x00000186acbb5800 JavaThread "jar transforms Thread 4" [_thread_blocked, id=19644, stack(0x0000001212800000,0x0000001212900000)]
  0x00000186abe5f7c0 JavaThread "jar transforms Thread 5" [_thread_blocked, id=17628, stack(0x0000001212900000,0x0000001212a00000)]
  0x00000186abe63ff0 JavaThread "jar transforms Thread 6" [_thread_blocked, id=3048, stack(0x0000001212a00000,0x0000001212b00000)]
  0x00000186abe62cb0 JavaThread "Cache worker for dependencies-accessors (D:\Start\.gradle\8.2\dependencies-accessors)" [_thread_blocked, id=15780, stack(0x0000001212b00000,0x0000001212c00000)]
  0x00000186abe66670 JavaThread "Cache worker for Build Output Cleanup Cache (D:\Start\.gradle\buildOutputCleanup)" [_thread_blocked, id=20076, stack(0x0000001212c00000,0x0000001212d00000)]
  0x00000186abe63b20 JavaThread "jar transforms Thread 7" [_thread_blocked, id=16816, stack(0x0000001212d00000,0x0000001212e00000)]
  0x00000186abe627e0 JavaThread "jar transforms Thread 8" [_thread_blocked, id=15180, stack(0x0000001212e00000,0x0000001212f00000)]
  0x00000186abe644c0 JavaThread "Unconstrained build operations" [_thread_blocked, id=3300, stack(0x0000001211900000,0x0000001211a00000)]
  0x00000186abe64990 JavaThread "Unconstrained build operations Thread 2" [_thread_blocked, id=17220, stack(0x0000001211b00000,0x0000001211c00000)]
  0x00000186abe661a0 JavaThread "Unconstrained build operations Thread 3" [_thread_blocked, id=17692, stack(0x0000001213000000,0x0000001213100000)]
  0x00000186abe63650 JavaThread "Unconstrained build operations Thread 4" [_thread_blocked, id=4924, stack(0x0000001213100000,0x0000001213200000)]
  0x00000186abe64e60 JavaThread "Unconstrained build operations Thread 5" [_thread_blocked, id=14960, stack(0x0000001213200000,0x0000001213300000)]
  0x00000186abe65cd0 JavaThread "Unconstrained build operations Thread 6" [_thread_blocked, id=10256, stack(0x0000001213300000,0x0000001213400000)]
  0x00000186abe60630 JavaThread "Unconstrained build operations Thread 7" [_thread_blocked, id=14124, stack(0x0000001213400000,0x0000001213500000)]
  0x00000186abe61e40 JavaThread "Unconstrained build operations Thread 8" [_thread_blocked, id=17796, stack(0x0000001213500000,0x0000001213600000)]
  0x00000186abe62310 JavaThread "Unconstrained build operations Thread 9" [_thread_blocked, id=10460, stack(0x0000001213600000,0x0000001213700000)]
  0x00000186abe63180 JavaThread "Unconstrained build operations Thread 10" [_thread_blocked, id=4400, stack(0x0000001213700000,0x0000001213800000)]
  0x00000186abe66b40 JavaThread "Unconstrained build operations Thread 11" [_thread_blocked, id=6344, stack(0x0000001213800000,0x0000001213900000)]
  0x00000186abe65800 JavaThread "jar transforms Thread 9" [_thread_blocked, id=8412, stack(0x0000001213b00000,0x0000001213c00000)]
  0x00000186abe5f2f0 JavaThread "jar transforms Thread 10" [_thread_blocked, id=16448, stack(0x0000001213c00000,0x0000001213d00000)]
  0x00000186abe60fd0 JavaThread "jar transforms Thread 11" [_thread_blocked, id=9844, stack(0x0000001213d00000,0x0000001213e00000)]
  0x00000186aa2eec50 JavaThread "jar transforms Thread 12" [_thread_blocked, id=10280, stack(0x0000001213e00000,0x0000001213f00000)]
  0x00000186aa2f2140 JavaThread "build event listener" [_thread_blocked, id=14512, stack(0x0000001213a00000,0x0000001213b00000)]

Other Threads:
  0x00000186a372e4d0 VMThread "VM Thread" [stack: 0x000000120f500000,0x000000120f600000] [id=4492]
  0x00000186895171f0 WatcherThread [stack: 0x0000001210100000,0x0000001210200000] [id=2892]
  0x00000186894e0630 GCTaskThread "GC Thread#0" [stack: 0x000000120f000000,0x000000120f100000] [id=14296]
  0x00000186a9397c50 GCTaskThread "GC Thread#1" [stack: 0x0000001210400000,0x0000001210500000] [id=18124]
  0x00000186a8b13440 GCTaskThread "GC Thread#2" [stack: 0x0000001210500000,0x0000001210600000] [id=9804]
  0x00000186a8a72dc0 GCTaskThread "GC Thread#3" [stack: 0x0000001210600000,0x0000001210700000] [id=11812]
  0x00000186a87fe7e0 GCTaskThread "GC Thread#4" [stack: 0x0000001210700000,0x0000001210800000] [id=20476]
  0x00000186a87fea90 GCTaskThread "GC Thread#5" [stack: 0x0000001210800000,0x0000001210900000] [id=19412]
  0x00000186a9693830 GCTaskThread "GC Thread#6" [stack: 0x0000001211200000,0x0000001211300000] [id=384]
  0x00000186a9a3d270 GCTaskThread "GC Thread#7" [stack: 0x0000001211300000,0x0000001211400000] [id=17548]
  0x00000186a869f2c0 GCTaskThread "GC Thread#8" [stack: 0x0000001211400000,0x0000001211500000] [id=7664]
  0x00000186a9f7a840 GCTaskThread "GC Thread#9" [stack: 0x0000001211500000,0x0000001211600000] [id=6976]
  0x00000186894f2490 ConcurrentGCThread "G1 Main Marker" [stack: 0x000000120f100000,0x000000120f200000] [id=13092]
  0x00000186894f2db0 ConcurrentGCThread "G1 Conc#0" [stack: 0x000000120f200000,0x000000120f300000] [id=8384]
  0x00000186aa2d3fb0 ConcurrentGCThread "G1 Conc#1" [stack: 0x0000001211600000,0x0000001211700000] [id=3192]
  0x00000186aa2d2f90 ConcurrentGCThread "G1 Conc#2" [stack: 0x0000001211700000,0x0000001211800000] [id=11692]
  0x000001868952ec60 ConcurrentGCThread "G1 Refine#0" [stack: 0x000000120f300000,0x000000120f400000] [id=18528]
  0x00000186a35df4c0 ConcurrentGCThread "G1 Service" [stack: 0x000000120f400000,0x000000120f500000] [id=13876]

Threads with active compile tasks:
C2 CompilerThread0     8099 6738   !   4       java.net.URLClassLoader::findClass (47 bytes)

VM state: not at safepoint (normal execution)

VM Mutex/Monitor currently owned by a thread: None

Heap address: 0x0000000080000000, size: 2048 MB, Compressed Oops mode: 32-bit

CDS archive(s) not mapped
Compressed class space mapped at: 0x0000000100000000-0x0000000140000000, reserved size: 1073741824
Narrow klass base: 0x0000000000000000, Narrow klass shift: 3, Narrow klass range: 0x140000000

GC Precious Log:
 CPUs: 12 total, 12 available
 Memory: 16224M
 Large Page Support: Disabled
 NUMA Support: Disabled
 Compressed Oops: Enabled (32-bit)
 Heap Region Size: 1M
 Heap Min Capacity: 8M
 Heap Initial Capacity: 254M
 Heap Max Capacity: 2G
 Pre-touch: Disabled
 Parallel Workers: 10
 Concurrent Workers: 3
 Concurrent Refinement Workers: 10
 Periodic GC: Disabled

Heap:
 garbage-first heap   total 116736K, used 72655K [0x0000000080000000, 0x0000000100000000)
  region size 1024K, 8 young (8192K), 1 survivors (1024K)
 Metaspace       used 68946K, committed 69568K, reserved 1114112K
  class space    used 9118K, committed 9408K, reserved 1048576K

Heap Regions: E=young(eden), S=young(survivor), O=old, HS=humongous(starts), HC=humongous(continues), CS=collection set, F=free, OA=open archive, CA=closed archive, TAMS=top-at-mark-start (previous, next)
|   0|0x0000000080000000, 0x0000000080100000, 0x0000000080100000|100%|HS|  |TAMS 0x0000000080100000, 0x0000000080000000| Complete 
|   1|0x0000000080100000, 0x0000000080200000, 0x0000000080200000|100%|HC|  |TAMS 0x0000000080200000, 0x0000000080100000| Complete 
|   2|0x0000000080200000, 0x0000000080300000, 0x0000000080300000|100%|HC|  |TAMS 0x0000000080300000, 0x0000000080200000| Complete 
|   3|0x0000000080300000, 0x0000000080400000, 0x0000000080400000|100%|HC|  |TAMS 0x0000000080400000, 0x0000000080300000| Complete 
|   4|0x0000000080400000, 0x0000000080500000, 0x0000000080500000|100%| O|  |TAMS 0x0000000080500000, 0x0000000080400000| Untracked 
|   5|0x0000000080500000, 0x0000000080600000, 0x0000000080600000|100%| O|  |TAMS 0x0000000080600000, 0x0000000080500000| Untracked 
|   6|0x0000000080600000, 0x0000000080700000, 0x0000000080700000|100%| O|  |TAMS 0x0000000080700000, 0x0000000080600000| Untracked 
|   7|0x0000000080700000, 0x0000000080800000, 0x0000000080800000|100%| O|  |TAMS 0x0000000080800000, 0x0000000080700000| Untracked 
|   8|0x0000000080800000, 0x0000000080900000, 0x0000000080900000|100%| O|  |TAMS 0x0000000080900000, 0x0000000080800000| Untracked 
|   9|0x0000000080900000, 0x0000000080a00000, 0x0000000080a00000|100%| O|  |TAMS 0x0000000080a00000, 0x0000000080900000| Untracked 
|  10|0x0000000080a00000, 0x0000000080b00000, 0x0000000080b00000|100%| O|  |TAMS 0x0000000080b00000, 0x0000000080a00000| Untracked 
|  11|0x0000000080b00000, 0x0000000080c00000, 0x0000000080c00000|100%| O|  |TAMS 0x0000000080c00000, 0x0000000080b00000| Untracked 
|  12|0x0000000080c00000, 0x0000000080d00000, 0x0000000080d00000|100%| O|  |TAMS 0x0000000080d00000, 0x0000000080c00000| Untracked 
|  13|0x0000000080d00000, 0x0000000080e00000, 0x0000000080e00000|100%| O|  |TAMS 0x0000000080e00000, 0x0000000080d00000| Untracked 
|  14|0x0000000080e00000, 0x0000000080f00000, 0x0000000080f00000|100%| O|  |TAMS 0x0000000080f00000, 0x0000000080e00000| Untracked 
|  15|0x0000000080f00000, 0x0000000081000000, 0x0000000081000000|100%| O|  |TAMS 0x0000000081000000, 0x0000000080f00000| Untracked 
|  16|0x0000000081000000, 0x0000000081100000, 0x0000000081100000|100%| O|  |TAMS 0x0000000081100000, 0x0000000081000000| Untracked 
|  17|0x0000000081100000, 0x0000000081200000, 0x0000000081200000|100%| O|  |TAMS 0x0000000081200000, 0x0000000081100000| Untracked 
|  18|0x0000000081200000, 0x0000000081300000, 0x0000000081300000|100%| O|  |TAMS 0x0000000081300000, 0x0000000081200000| Untracked 
|  19|0x0000000081300000, 0x0000000081400000, 0x0000000081400000|100%| O|  |TAMS 0x0000000081400000, 0x0000000081300000| Untracked 
|  20|0x0000000081400000, 0x0000000081500000, 0x0000000081500000|100%| O|  |TAMS 0x0000000081500000, 0x0000000081400000| Untracked 
|  21|0x0000000081500000, 0x0000000081600000, 0x0000000081600000|100%| O|  |TAMS 0x0000000081600000, 0x0000000081500000| Untracked 
|  22|0x0000000081600000, 0x0000000081700000, 0x0000000081700000|100%| O|  |TAMS 0x0000000081700000, 0x0000000081600000| Untracked 
|  23|0x0000000081700000, 0x0000000081700000, 0x0000000081800000|  0%| F|  |TAMS 0x0000000081700000, 0x0000000081700000| Untracked 
|  24|0x0000000081800000, 0x0000000081900000, 0x0000000081900000|100%| O|  |TAMS 0x0000000081900000, 0x0000000081800000| Untracked 
|  25|0x0000000081900000, 0x0000000081a00000, 0x0000000081a00000|100%| O|  |TAMS 0x0000000081a00000, 0x0000000081900000| Untracked 
|  26|0x0000000081a00000, 0x0000000081b00000, 0x0000000081b00000|100%| O|  |TAMS 0x0000000081b00000, 0x0000000081a00000| Untracked 
|  27|0x0000000081b00000, 0x0000000081c00000, 0x0000000081c00000|100%| O|  |TAMS 0x0000000081c00000, 0x0000000081b00000| Untracked 
|  28|0x0000000081c00000, 0x0000000081d00000, 0x0000000081d00000|100%| O|  |TAMS 0x0000000081d00000, 0x0000000081c00000| Untracked 
|  29|0x0000000081d00000, 0x0000000081e00000, 0x0000000081e00000|100%| O|  |TAMS 0x0000000081e00000, 0x0000000081d00000| Untracked 
|  30|0x0000000081e00000, 0x0000000081f00000, 0x0000000081f00000|100%| O|  |TAMS 0x0000000081f00000, 0x0000000081e00000| Untracked 
|  31|0x0000000081f00000, 0x0000000082000000, 0x0000000082000000|100%| O|  |TAMS 0x0000000082000000, 0x0000000081f00000| Untracked 
|  32|0x0000000082000000, 0x0000000082100000, 0x0000000082100000|100%| O|  |TAMS 0x0000000082100000, 0x0000000082000000| Untracked 
|  33|0x0000000082100000, 0x0000000082200000, 0x0000000082200000|100%|HS|  |TAMS 0x0000000082200000, 0x0000000082100000| Complete 
|  34|0x0000000082200000, 0x0000000082300000, 0x0000000082300000|100%|HS|  |TAMS 0x0000000082300000, 0x0000000082200000| Complete 
|  35|0x0000000082300000, 0x0000000082400000, 0x0000000082400000|100%|HS|  |TAMS 0x0000000082400000, 0x0000000082300000| Complete 
|  36|0x0000000082400000, 0x0000000082500000, 0x0000000082500000|100%|HS|  |TAMS 0x0000000082500000, 0x0000000082400000| Complete 
|  37|0x0000000082500000, 0x0000000082600000, 0x0000000082600000|100%|HC|  |TAMS 0x0000000082600000, 0x0000000082500000| Complete 
|  38|0x0000000082600000, 0x0000000082700000, 0x0000000082700000|100%|HS|  |TAMS 0x0000000082700000, 0x0000000082600000| Complete 
|  39|0x0000000082700000, 0x0000000082800000, 0x0000000082800000|100%|HC|  |TAMS 0x0000000082800000, 0x0000000082700000| Complete 
|  40|0x0000000082800000, 0x0000000082900000, 0x0000000082900000|100%|HS|  |TAMS 0x0000000082900000, 0x0000000082800000| Complete 
|  41|0x0000000082900000, 0x0000000082a00000, 0x0000000082a00000|100%|HC|  |TAMS 0x0000000082a00000, 0x0000000082900000| Complete 
|  42|0x0000000082a00000, 0x0000000082b00000, 0x0000000082b00000|100%|HC|  |TAMS 0x0000000082b00000, 0x0000000082a00000| Complete 
|  43|0x0000000082b00000, 0x0000000082c00000, 0x0000000082c00000|100%|HC|  |TAMS 0x0000000082c00000, 0x0000000082b00000| Complete 
|  44|0x0000000082c00000, 0x0000000082d00000, 0x0000000082d00000|100%| O|  |TAMS 0x0000000082d00000, 0x0000000082c00000| Untracked 
|  45|0x0000000082d00000, 0x0000000082e00000, 0x0000000082e00000|100%|HS|  |TAMS 0x0000000082e00000, 0x0000000082d00000| Complete 
|  46|0x0000000082e00000, 0x0000000082f00000, 0x0000000082f00000|100%| O|  |TAMS 0x0000000082f00000, 0x0000000082e00000| Untracked 
|  47|0x0000000082f00000, 0x0000000083000000, 0x0000000083000000|100%| O|  |TAMS 0x0000000083000000, 0x0000000082f00000| Untracked 
|  48|0x0000000083000000, 0x0000000083100000, 0x0000000083100000|100%| O|  |TAMS 0x0000000083100000, 0x0000000083000000| Untracked 
|  49|0x0000000083100000, 0x0000000083200000, 0x0000000083200000|100%| O|  |TAMS 0x0000000083200000, 0x0000000083100000| Untracked 
|  50|0x0000000083200000, 0x0000000083300000, 0x0000000083300000|100%| O|  |TAMS 0x0000000083300000, 0x0000000083200000| Untracked 
|  51|0x0000000083300000, 0x0000000083400000, 0x0000000083400000|100%| O|  |TAMS 0x0000000083400000, 0x0000000083300000| Untracked 
|  52|0x0000000083400000, 0x0000000083500000, 0x0000000083500000|100%| O|  |TAMS 0x0000000083500000, 0x0000000083400000| Untracked 
|  53|0x0000000083500000, 0x0000000083600000, 0x0000000083600000|100%| O|  |TAMS 0x0000000083600000, 0x0000000083500000| Untracked 
|  54|0x0000000083600000, 0x0000000083700000, 0x0000000083700000|100%|HS|  |TAMS 0x0000000083700000, 0x0000000083600000| Complete 
|  55|0x0000000083700000, 0x0000000083800000, 0x0000000083800000|100%| O|  |TAMS 0x0000000083800000, 0x0000000083700000| Untracked 
|  56|0x0000000083800000, 0x0000000083900000, 0x0000000083900000|100%| O|  |TAMS 0x0000000083900000, 0x0000000083800000| Untracked 
|  57|0x0000000083900000, 0x0000000083a00000, 0x0000000083a00000|100%| O|  |TAMS 0x0000000083a00000, 0x0000000083900000| Untracked 
|  58|0x0000000083a00000, 0x0000000083b00000, 0x0000000083b00000|100%| O|  |TAMS 0x0000000083b00000, 0x0000000083a00000| Untracked 
|  59|0x0000000083b00000, 0x0000000083c00000, 0x0000000083c00000|100%| O|  |TAMS 0x0000000083c00000, 0x0000000083b00000| Untracked 
|  60|0x0000000083c00000, 0x0000000083d00000, 0x0000000083d00000|100%| O|  |TAMS 0x0000000083d00000, 0x0000000083c00000| Complete 
|  61|0x0000000083d00000, 0x0000000083d32000, 0x0000000083e00000| 19%| O|  |TAMS 0x0000000083d32000, 0x0000000083d00000| Untracked 
|  62|0x0000000083e00000, 0x0000000083e00000, 0x0000000083f00000|  0%| F|  |TAMS 0x0000000083e00000, 0x0000000083e00000| Untracked 
|  63|0x0000000083f00000, 0x0000000083f00000, 0x0000000084000000|  0%| F|  |TAMS 0x0000000083f00000, 0x0000000083f00000| Untracked 
|  64|0x0000000084000000, 0x0000000084000000, 0x0000000084100000|  0%| F|  |TAMS 0x0000000084000000, 0x0000000084000000| Untracked 
|  65|0x0000000084100000, 0x0000000084100000, 0x0000000084200000|  0%| F|  |TAMS 0x0000000084100000, 0x0000000084100000| Untracked 
|  66|0x0000000084200000, 0x0000000084200000, 0x0000000084300000|  0%| F|  |TAMS 0x0000000084200000, 0x0000000084200000| Untracked 
|  67|0x0000000084300000, 0x0000000084300000, 0x0000000084400000|  0%| F|  |TAMS 0x0000000084300000, 0x0000000084300000| Untracked 
|  68|0x0000000084400000, 0x0000000084400000, 0x0000000084500000|  0%| F|  |TAMS 0x0000000084400000, 0x0000000084400000| Untracked 
|  69|0x0000000084500000, 0x0000000084500000, 0x0000000084600000|  0%| F|  |TAMS 0x0000000084500000, 0x0000000084500000| Untracked 
|  70|0x0000000084600000, 0x0000000084600000, 0x0000000084700000|  0%| F|  |TAMS 0x0000000084600000, 0x0000000084600000| Untracked 
|  71|0x0000000084700000, 0x0000000084700000, 0x0000000084800000|  0%| F|  |TAMS 0x0000000084700000, 0x0000000084700000| Untracked 
|  72|0x0000000084800000, 0x0000000084800000, 0x0000000084900000|  0%| F|  |TAMS 0x0000000084800000, 0x0000000084800000| Untracked 
|  73|0x0000000084900000, 0x0000000084900000, 0x0000000084a00000|  0%| F|  |TAMS 0x0000000084900000, 0x0000000084900000| Untracked 
|  74|0x0000000084a00000, 0x0000000084a00000, 0x0000000084b00000|  0%| F|  |TAMS 0x0000000084a00000, 0x0000000084a00000| Untracked 
|  75|0x0000000084b00000, 0x0000000084b00000, 0x0000000084c00000|  0%| F|  |TAMS 0x0000000084b00000, 0x0000000084b00000| Untracked 
|  76|0x0000000084c00000, 0x0000000084c00000, 0x0000000084d00000|  0%| F|  |TAMS 0x0000000084c00000, 0x0000000084c00000| Untracked 
|  77|0x0000000084d00000, 0x0000000084d00000, 0x0000000084e00000|  0%| F|  |TAMS 0x0000000084d00000, 0x0000000084d00000| Untracked 
|  78|0x0000000084e00000, 0x0000000084e00000, 0x0000000084f00000|  0%| F|  |TAMS 0x0000000084e00000, 0x0000000084e00000| Untracked 
|  79|0x0000000084f00000, 0x0000000084f00000, 0x0000000085000000|  0%| F|  |TAMS 0x0000000084f00000, 0x0000000084f00000| Untracked 
|  80|0x0000000085000000, 0x0000000085000000, 0x0000000085100000|  0%| F|  |TAMS 0x0000000085000000, 0x0000000085000000| Untracked 
|  81|0x0000000085100000, 0x00000000851c1e68, 0x0000000085200000| 75%| S|CS|TAMS 0x0000000085100000, 0x0000000085100000| Complete 
|  82|0x0000000085200000, 0x0000000085200000, 0x0000000085300000|  0%| F|  |TAMS 0x0000000085200000, 0x0000000085200000| Untracked 
|  83|0x0000000085300000, 0x0000000085300000, 0x0000000085400000|  0%| F|  |TAMS 0x0000000085300000, 0x0000000085300000| Untracked 
|  84|0x0000000085400000, 0x0000000085400000, 0x0000000085500000|  0%| F|  |TAMS 0x0000000085400000, 0x0000000085400000| Untracked 
|  85|0x0000000085500000, 0x0000000085500000, 0x0000000085600000|  0%| F|  |TAMS 0x0000000085500000, 0x0000000085500000| Untracked 
|  86|0x0000000085600000, 0x0000000085600000, 0x0000000085700000|  0%| F|  |TAMS 0x0000000085600000, 0x0000000085600000| Untracked 
|  87|0x0000000085700000, 0x0000000085700000, 0x0000000085800000|  0%| F|  |TAMS 0x0000000085700000, 0x0000000085700000| Untracked 
|  88|0x0000000085800000, 0x0000000085800000, 0x0000000085900000|  0%| F|  |TAMS 0x0000000085800000, 0x0000000085800000| Untracked 
|  89|0x0000000085900000, 0x0000000085900000, 0x0000000085a00000|  0%| F|  |TAMS 0x0000000085900000, 0x0000000085900000| Untracked 
|  90|0x0000000085a00000, 0x0000000085a00000, 0x0000000085b00000|  0%| F|  |TAMS 0x0000000085a00000, 0x0000000085a00000| Untracked 
|  91|0x0000000085b00000, 0x0000000085b00000, 0x0000000085c00000|  0%| F|  |TAMS 0x0000000085b00000, 0x0000000085b00000| Untracked 
|  92|0x0000000085c00000, 0x0000000085c00000, 0x0000000085d00000|  0%| F|  |TAMS 0x0000000085c00000, 0x0000000085c00000| Untracked 
|  93|0x0000000085d00000, 0x0000000085d00000, 0x0000000085e00000|  0%| F|  |TAMS 0x0000000085d00000, 0x0000000085d00000| Untracked 
|  94|0x0000000085e00000, 0x0000000085e00000, 0x0000000085f00000|  0%| F|  |TAMS 0x0000000085e00000, 0x0000000085e00000| Untracked 
|  95|0x0000000085f00000, 0x0000000085f00000, 0x0000000086000000|  0%| F|  |TAMS 0x0000000085f00000, 0x0000000085f00000| Untracked 
|  96|0x0000000086000000, 0x0000000086000000, 0x0000000086100000|  0%| F|  |TAMS 0x0000000086000000, 0x0000000086000000| Untracked 
|  97|0x0000000086100000, 0x0000000086100000, 0x0000000086200000|  0%| F|  |TAMS 0x0000000086100000, 0x0000000086100000| Untracked 
|  98|0x0000000086200000, 0x0000000086200000, 0x0000000086300000|  0%| F|  |TAMS 0x0000000086200000, 0x0000000086200000| Untracked 
|  99|0x0000000086300000, 0x0000000086300000, 0x0000000086400000|  0%| F|  |TAMS 0x0000000086300000, 0x0000000086300000| Untracked 
| 182|0x000000008b600000, 0x000000008b600000, 0x000000008b700000|  0%| F|  |TAMS 0x000000008b600000, 0x000000008b600000| Untracked 
| 183|0x000000008b700000, 0x000000008b700000, 0x000000008b800000|  0%| F|  |TAMS 0x000000008b700000, 0x000000008b700000| Untracked 
| 184|0x000000008b800000, 0x000000008b800000, 0x000000008b900000|  0%| F|  |TAMS 0x000000008b800000, 0x000000008b800000| Untracked 
| 185|0x000000008b900000, 0x000000008b981258, 0x000000008ba00000| 50%| E|  |TAMS 0x000000008b900000, 0x000000008b900000| Complete 
| 186|0x000000008ba00000, 0x000000008bb00000, 0x000000008bb00000|100%| E|CS|TAMS 0x000000008ba00000, 0x000000008ba00000| Complete 
| 187|0x000000008bb00000, 0x000000008bc00000, 0x000000008bc00000|100%| E|CS|TAMS 0x000000008bb00000, 0x000000008bb00000| Complete 
| 188|0x000000008bc00000, 0x000000008bd00000, 0x000000008bd00000|100%| E|CS|TAMS 0x000000008bc00000, 0x000000008bc00000| Complete 
| 189|0x000000008bd00000, 0x000000008be00000, 0x000000008be00000|100%| E|CS|TAMS 0x000000008bd00000, 0x000000008bd00000| Complete 
| 190|0x000000008be00000, 0x000000008bf00000, 0x000000008bf00000|100%| E|CS|TAMS 0x000000008be00000, 0x000000008be00000| Complete 
| 253|0x000000008fd00000, 0x000000008fe00000, 0x000000008fe00000|100%| E|CS|TAMS 0x000000008fd00000, 0x000000008fd00000| Complete 
|2044|0x00000000ffc00000, 0x00000000ffd00000, 0x00000000ffd00000|100%| O|  |TAMS 0x00000000ffd00000, 0x00000000ffc00000| Untracked 
|2045|0x00000000ffd00000, 0x00000000ffe00000, 0x00000000ffe00000|100%| O|  |TAMS 0x00000000ffe00000, 0x00000000ffd00000| Untracked 
|2046|0x00000000ffe00000, 0x00000000fff00000, 0x00000000fff00000|100%| O|  |TAMS 0x00000000fff00000, 0x00000000ffe00000| Untracked 
|2047|0x00000000fff00000, 0x0000000100000000, 0x0000000100000000|100%| O|  |TAMS 0x0000000100000000, 0x00000000fff00000| Untracked 

Card table byte_map: [0x000001869c290000,0x000001869c690000] _byte_map_base: 0x000001869be90000

Marking Bits (Prev, Next): (CMBitMap*) 0x00000186894e1b60, (CMBitMap*) 0x00000186894e1ba0
 Prev Bits: [0x000001869ca90000, 0x000001869ea90000)
 Next Bits: [0x000001869ea90000, 0x00000186a0a90000)

Polling page: 0x0000018687380000

Metaspace:

Usage:
  Non-class:     58.44 MB used.
      Class:      8.91 MB used.
       Both:     67.35 MB used.

Virtual space:
  Non-class space:       64.00 MB reserved,      58.75 MB ( 92%) committed,  1 nodes.
      Class space:        1.00 GB reserved,       9.19 MB ( <1%) committed,  1 nodes.
             Both:        1.06 GB reserved,      67.94 MB (  6%) committed. 

Chunk freelists:
   Non-Class:  4.70 MB
       Class:  6.78 MB
        Both:  11.48 MB

MaxMetaspaceSize: unlimited
CompressedClassSpaceSize: 1.00 GB
Initial GC threshold: 21.00 MB
Current GC threshold: 112.62 MB
CDS: off
MetaspaceReclaimPolicy: balanced
 - commit_granule_bytes: 65536.
 - commit_granule_words: 8192.
 - virtual_space_node_default_size: 8388608.
 - enlarge_chunks_in_place: 1.
 - new_chunks_are_fully_committed: 0.
 - uncommit_free_chunks: 1.
 - use_allocation_guard: 0.
 - handle_deallocations: 1.


Internal statistics:

num_allocs_failed_limit: 12.
num_arena_births: 672.
num_arena_deaths: 0.
num_vsnodes_births: 2.
num_vsnodes_deaths: 0.
num_space_committed: 1087.
num_space_uncommitted: 0.
num_chunks_returned_to_freelist: 12.
num_chunks_taken_from_freelist: 2827.
num_chunk_merges: 9.
num_chunk_splits: 1910.
num_chunks_enlarged: 1315.
num_inconsistent_stats: 0.

CodeHeap 'non-profiled nmethods': size=120000Kb used=3499Kb max_used=3499Kb free=116500Kb
 bounds [0x0000018694410000, 0x0000018694780000, 0x000001869b940000]
CodeHeap 'profiled nmethods': size=120000Kb used=11254Kb max_used=11254Kb free=108745Kb
 bounds [0x000001868c940000, 0x000001868d440000, 0x0000018693e70000]
CodeHeap 'non-nmethods': size=5760Kb used=2381Kb max_used=2442Kb free=3378Kb
 bounds [0x0000018693e70000, 0x00000186940f0000, 0x0000018694410000]
 total_blobs=7024 nmethods=6119 adapters=816
 compilation: enabled
              stopped_count=0, restarted_count=0
 full_count=0

Compilation events (20 events):
Event: 8.013 Thread 0x00000186a3907ae0 6895       3       org.gradle.internal.instantiation.generator.DefaultInstantiationScheme::<init> (59 bytes)
Event: 8.014 Thread 0x00000186a3907ae0 nmethod 6895 0x000001868d42d690 code [0x000001868d42d880, 0x000001868d42e078]
Event: 8.014 Thread 0x00000186a3907ae0 6896       3       org.gradle.internal.instantiation.generator.DependencyInjectingInstantiator::<init> (15 bytes)
Event: 8.014 Thread 0x00000186a3907ae0 nmethod 6896 0x000001868d42e210 code [0x000001868d42e3c0, 0x000001868d42e5d8]
Event: 8.035 Thread 0x00000186a3907ae0 6897       3       jdk.internal.reflect.AccessorGenerator::add (5 bytes)
Event: 8.035 Thread 0x00000186a3907ae0 nmethod 6897 0x000001868d42e690 code [0x000001868d42e820, 0x000001868d42e918]
Event: 8.038 Thread 0x00000186a3907ae0 6898       1       org.gradle.api.internal.collections.DefaultCollectionEventRegister::getAddActions (5 bytes)
Event: 8.038 Thread 0x00000186a3907ae0 nmethod 6898 0x0000018694779a90 code [0x0000018694779c20, 0x0000018694779cf8]
Event: 8.041 Thread 0x00000186a3907ae0 6900       3       org.gradle.internal.instantiation.generator.AsmBackedClassGenerator$ClassBuilderImpl::access$1500 (4 bytes)
Event: 8.041 Thread 0x00000186a3907ae0 nmethod 6900 0x000001868d42e990 code [0x000001868d42eb20, 0x000001868d42ec18]
Event: 8.041 Thread 0x00000186a3907ae0 6901       3       org.gradle.internal.instantiation.generator.AsmBackedClassGenerator$ClassBuilderImpl::access$2800 (4 bytes)
Event: 8.042 Thread 0x00000186a3907ae0 nmethod 6901 0x000001868d42ec90 code [0x000001868d42ee20, 0x000001868d42ef18]
Event: 8.046 Thread 0x00000186a3907ae0 6902       3       org.gradle.model.internal.asm.MethodVisitorScope::_UNBOX (178 bytes)
Event: 8.047 Thread 0x00000186a3907ae0 nmethod 6902 0x000001868d42ef90 code [0x000001868d42f3e0, 0x000001868d431458]
Event: 8.048 Thread 0x00000186a3907ae0 6903       3       org.gradle.model.internal.asm.MethodVisitorScope::_AUTOBOX (35 bytes)
Event: 8.048 Thread 0x00000186a3907ae0 nmethod 6903 0x000001868d431e10 code [0x000001868d432020, 0x000001868d4326c8]
Event: 8.048 Thread 0x00000186a3907ae0 6904       3       org.gradle.internal.instantiation.generator.ManagedObjectFactory::getObjectFactory (15 bytes)
Event: 8.048 Thread 0x00000186a3907ae0 nmethod 6904 0x000001868d432910 code [0x000001868d432ac0, 0x000001868d432da8]
Event: 8.048 Thread 0x00000186a3907ae0 6905       3       org.gradle.api.internal.provider.AbstractProperty::beforeRead (29 bytes)
Event: 8.048 Thread 0x00000186a3907ae0 nmethod 6905 0x000001868d432e90 code [0x000001868d433060, 0x000001868d433458]

GC Heap History (20 events):
Event: 3.043 GC heap before
{Heap before GC invocations=8 (full 0):
 garbage-first heap   total 68608K, used 39737K [0x0000000080000000, 0x0000000100000000)
  region size 1024K, 21 young (21504K), 3 survivors (3072K)
 Metaspace       used 35631K, committed 35968K, reserved 1114112K
  class space    used 4944K, committed 5120K, reserved 1048576K
}
Event: 3.045 GC heap after
{Heap after GC invocations=9 (full 0):
 garbage-first heap   total 68608K, used 24466K [0x0000000080000000, 0x0000000100000000)
  region size 1024K, 3 young (3072K), 3 survivors (3072K)
 Metaspace       used 35631K, committed 35968K, reserved 1114112K
  class space    used 4944K, committed 5120K, reserved 1048576K
}
Event: 3.348 GC heap before
{Heap before GC invocations=10 (full 0):
 garbage-first heap   total 68608K, used 52114K [0x0000000080000000, 0x0000000100000000)
  region size 1024K, 31 young (31744K), 3 survivors (3072K)
 Metaspace       used 41095K, committed 41472K, reserved 1114112K
  class space    used 5470K, committed 5632K, reserved 1048576K
}
Event: 3.352 GC heap after
{Heap after GC invocations=11 (full 0):
 garbage-first heap   total 112640K, used 28120K [0x0000000080000000, 0x0000000100000000)
  region size 1024K, 4 young (4096K), 4 survivors (4096K)
 Metaspace       used 41095K, committed 41472K, reserved 1114112K
  class space    used 5470K, committed 5632K, reserved 1048576K
}
Event: 3.862 GC heap before
{Heap before GC invocations=11 (full 0):
 garbage-first heap   total 112640K, used 92632K [0x0000000080000000, 0x0000000100000000)
  region size 1024K, 61 young (62464K), 4 survivors (4096K)
 Metaspace       used 45920K, committed 46336K, reserved 1114112K
  class space    used 6016K, committed 6208K, reserved 1048576K
}
Event: 3.865 GC heap after
{Heap after GC invocations=12 (full 0):
 garbage-first heap   total 112640K, used 32488K [0x0000000080000000, 0x0000000100000000)
  region size 1024K, 8 young (8192K), 8 survivors (8192K)
 Metaspace       used 45920K, committed 46336K, reserved 1114112K
  class space    used 6016K, committed 6208K, reserved 1048576K
}
Event: 4.462 GC heap before
{Heap before GC invocations=12 (full 0):
 garbage-first heap   total 112640K, used 86760K [0x0000000080000000, 0x0000000100000000)
  region size 1024K, 61 young (62464K), 8 survivors (8192K)
 Metaspace       used 51999K, committed 52480K, reserved 1114112K
  class space    used 7019K, committed 7232K, reserved 1048576K
}
Event: 4.466 GC heap after
{Heap after GC invocations=13 (full 0):
 garbage-first heap   total 112640K, used 35442K [0x0000000080000000, 0x0000000100000000)
  region size 1024K, 3 young (3072K), 3 survivors (3072K)
 Metaspace       used 51999K, committed 52480K, reserved 1114112K
  class space    used 7019K, committed 7232K, reserved 1048576K
}
Event: 5.325 GC heap before
{Heap before GC invocations=13 (full 0):
 garbage-first heap   total 112640K, used 83570K [0x0000000080000000, 0x0000000100000000)
  region size 1024K, 51 young (52224K), 3 survivors (3072K)
 Metaspace       used 59719K, committed 60160K, reserved 1114112K
  class space    used 8001K, committed 8192K, reserved 1048576K
}
Event: 5.329 GC heap after
{Heap after GC invocations=14 (full 0):
 garbage-first heap   total 112640K, used 40286K [0x0000000080000000, 0x0000000100000000)
  region size 1024K, 7 young (7168K), 7 survivors (7168K)
 Metaspace       used 59719K, committed 60160K, reserved 1114112K
  class space    used 8001K, committed 8192K, reserved 1048576K
}
Event: 7.050 GC heap before
{Heap before GC invocations=15 (full 0):
 garbage-first heap   total 112640K, used 96606K [0x0000000080000000, 0x0000000100000000)
  region size 1024K, 51 young (52224K), 7 survivors (7168K)
 Metaspace       used 62027K, committed 62592K, reserved 1114112K
  class space    used 8294K, committed 8576K, reserved 1048576K
}
Event: 7.056 GC heap after
{Heap after GC invocations=16 (full 0):
 garbage-first heap   total 116736K, used 63203K [0x0000000080000000, 0x0000000100000000)
  region size 1024K, 7 young (7168K), 7 survivors (7168K)
 Metaspace       used 62027K, committed 62592K, reserved 1114112K
  class space    used 8294K, committed 8576K, reserved 1048576K
}
Event: 7.101 GC heap before
{Heap before GC invocations=17 (full 0):
 garbage-first heap   total 116736K, used 67299K [0x0000000080000000, 0x0000000100000000)
  region size 1024K, 13 young (13312K), 7 survivors (7168K)
 Metaspace       used 62429K, committed 62976K, reserved 1114112K
  class space    used 8328K, committed 8576K, reserved 1048576K
}
Event: 7.103 GC heap after
{Heap after GC invocations=18 (full 0):
 garbage-first heap   total 116736K, used 64673K [0x0000000080000000, 0x0000000100000000)
  region size 1024K, 2 young (2048K), 2 survivors (2048K)
 Metaspace       used 62429K, committed 62976K, reserved 1114112K
  class space    used 8328K, committed 8576K, reserved 1048576K
}
Event: 7.387 GC heap before
{Heap before GC invocations=19 (full 0):
 garbage-first heap   total 116736K, used 92321K [0x0000000080000000, 0x0000000100000000)
  region size 1024K, 29 young (29696K), 2 survivors (2048K)
 Metaspace       used 64953K, committed 65472K, reserved 1114112K
  class space    used 8702K, committed 8960K, reserved 1048576K
}
Event: 7.389 GC heap after
{Heap after GC invocations=20 (full 0):
 garbage-first heap   total 116736K, used 66174K [0x0000000080000000, 0x0000000100000000)
  region size 1024K, 2 young (2048K), 2 survivors (2048K)
 Metaspace       used 64953K, committed 65472K, reserved 1114112K
  class space    used 8702K, committed 8960K, reserved 1048576K
}
Event: 7.438 GC heap before
{Heap before GC invocations=20 (full 0):
 garbage-first heap   total 116736K, used 69246K [0x0000000080000000, 0x0000000100000000)
  region size 1024K, 5 young (5120K), 2 survivors (2048K)
 Metaspace       used 65231K, committed 65856K, reserved 1114112K
  class space    used 8730K, committed 9024K, reserved 1048576K
}
Event: 7.440 GC heap after
{Heap after GC invocations=21 (full 0):
 garbage-first heap   total 116736K, used 65995K [0x0000000080000000, 0x0000000100000000)
  region size 1024K, 1 young (1024K), 1 survivors (1024K)
 Metaspace       used 65231K, committed 65856K, reserved 1114112K
  class space    used 8730K, committed 9024K, reserved 1048576K
}
Event: 7.995 GC heap before
{Heap before GC invocations=21 (full 0):
 garbage-first heap   total 116736K, used 93643K [0x0000000080000000, 0x0000000100000000)
  region size 1024K, 28 young (28672K), 1 survivors (1024K)
 Metaspace       used 68353K, committed 68992K, reserved 1114112K
  class space    used 9038K, committed 9344K, reserved 1048576K
}
Event: 7.998 GC heap after
{Heap after GC invocations=22 (full 0):
 garbage-first heap   total 116736K, used 66511K [0x0000000080000000, 0x0000000100000000)
  region size 1024K, 1 young (1024K), 1 survivors (1024K)
 Metaspace       used 68353K, committed 68992K, reserved 1114112K
  class space    used 9038K, committed 9344K, reserved 1048576K
}

Dll operation events (3 events):
Event: 0.007 Loaded shared library C:\Program Files\Android\Android Studio\jbr\bin\java.dll
Event: 0.105 Loaded shared library C:\Program Files\Android\Android Studio\jbr\bin\zip.dll
Event: 0.346 Loaded shared library C:\Program Files\Android\Android Studio\jbr\bin\verify.dll

Deoptimization events (20 events):
Event: 7.394 Thread 0x00000186aa2ac4a0 DEOPT PACKING pc=0x00000186946de298 sp=0x0000001210ef6ad0
Event: 7.394 Thread 0x00000186aa2ac4a0 DEOPT UNPACKING pc=0x0000018693ec69a3 sp=0x0000001210ef6a98 mode 2
Event: 7.407 Thread 0x00000186aa2ac4a0 Uncommon trap: trap_request=0xffffffde fr.pc=0x00000186946d9f88 relative=0x00000000000029e8
Event: 7.407 Thread 0x00000186aa2ac4a0 Uncommon trap: reason=class_check action=maybe_recompile pc=0x00000186946d9f88 method=java.util.jar.JarFile.getManifestFromReference()Ljava/util/jar/Manifest; @ 152 c2
Event: 7.407 Thread 0x00000186aa2ac4a0 DEOPT PACKING pc=0x00000186946d9f88 sp=0x0000001210ef66d0
Event: 7.407 Thread 0x00000186aa2ac4a0 DEOPT UNPACKING pc=0x0000018693ec69a3 sp=0x0000001210ef6640 mode 2
Event: 7.417 Thread 0x00000186aa2ac4a0 DEOPT PACKING pc=0x000001868c953742 sp=0x0000001210ef6890
Event: 7.417 Thread 0x00000186aa2ac4a0 DEOPT UNPACKING pc=0x0000018693ec7143 sp=0x0000001210ef5da0 mode 0
Event: 7.426 Thread 0x00000186aa2ac4a0 Uncommon trap: trap_request=0xffffffde fr.pc=0x00000186946a5680 relative=0x00000000000003a0
Event: 7.426 Thread 0x00000186aa2ac4a0 Uncommon trap: reason=class_check action=maybe_recompile pc=0x00000186946a5680 method=java.util.stream.AbstractPipeline.copyIntoWithCancel(Ljava/util/stream/Sink;Ljava/util/Spliterator;)Z @ 32 c2
Event: 7.426 Thread 0x00000186aa2ac4a0 DEOPT PACKING pc=0x00000186946a5680 sp=0x0000001210ef64d0
Event: 7.426 Thread 0x00000186aa2ac4a0 DEOPT UNPACKING pc=0x0000018693ec69a3 sp=0x0000001210ef6390 mode 2
Event: 7.426 Thread 0x00000186aa2ac4a0 Uncommon trap: trap_request=0xffffffde fr.pc=0x00000186946a5680 relative=0x00000000000003a0
Event: 7.426 Thread 0x00000186aa2ac4a0 Uncommon trap: reason=class_check action=maybe_recompile pc=0x00000186946a5680 method=java.util.stream.AbstractPipeline.copyIntoWithCancel(Ljava/util/stream/Sink;Ljava/util/Spliterator;)Z @ 32 c2
Event: 7.426 Thread 0x00000186aa2ac4a0 DEOPT PACKING pc=0x00000186946a5680 sp=0x0000001210ef64d0
Event: 7.426 Thread 0x00000186aa2ac4a0 DEOPT UNPACKING pc=0x0000018693ec69a3 sp=0x0000001210ef6390 mode 2
Event: 7.426 Thread 0x00000186aa2ac4a0 Uncommon trap: trap_request=0xffffffde fr.pc=0x00000186946a5680 relative=0x00000000000003a0
Event: 7.426 Thread 0x00000186aa2ac4a0 Uncommon trap: reason=class_check action=maybe_recompile pc=0x00000186946a5680 method=java.util.stream.AbstractPipeline.copyIntoWithCancel(Ljava/util/stream/Sink;Ljava/util/Spliterator;)Z @ 32 c2
Event: 7.426 Thread 0x00000186aa2ac4a0 DEOPT PACKING pc=0x00000186946a5680 sp=0x0000001210ef64d0
Event: 7.426 Thread 0x00000186aa2ac4a0 DEOPT UNPACKING pc=0x0000018693ec69a3 sp=0x0000001210ef6390 mode 2

Classes unloaded (0 events):
No events

Classes redefined (0 events):
No events

Internal exceptions (20 events):
Event: 4.947 Thread 0x00000186aa2ac4a0 Exception <a 'sun/nio/fs/WindowsException'{0x0000000085393380}> (0x0000000085393380) 
thrown [s\src\hotspot\share\prims\jni.cpp, line 517]
Event: 6.258 Thread 0x00000186aa2ac4a0 Exception <a 'java/lang/NoSuchMethodError'{0x0000000085a6ddd8}: 'long java.lang.invoke.DirectMethodHandle$Holder.invokeVirtual(java.lang.Object, java.lang.Object)'> (0x0000000085a6ddd8) 
thrown [s\src\hotspot\share\interpreter\linkResolver.cpp, line 771]
Event: 6.261 Thread 0x00000186aa2aac90 Exception <a 'java/lang/NoSuchMethodError'{0x0000000085908b90}: static Lorg/gradle/internal/build/event/types/DefaultOperationFinishedProgressEvent;.<clinit>()V> (0x0000000085908b90) 
thrown [s\src\hotspot\share\prims\jni.cpp, line 1108]
Event: 6.264 Thread 0x00000186aa2aac90 Exception <a 'java/lang/NoSuchMethodError'{0x0000000085930c90}: static Lorg/gradle/internal/build/event/types/DefaultProjectConfigurationSuccessResult;.<clinit>()V> (0x0000000085930c90) 
thrown [s\src\hotspot\share\prims\jni.cpp, line 1108]
Event: 6.264 Thread 0x00000186aa2aac90 Exception <a 'java/lang/NoSuchMethodError'{0x0000000085931fc8}: static Lorg/gradle/internal/build/event/types/AbstractProjectConfigurationResult;.<clinit>()V> (0x0000000085931fc8) 
thrown [s\src\hotspot\share\prims\jni.cpp, line 1108]
Event: 6.264 Thread 0x00000186aa2aac90 Exception <a 'java/lang/NoSuchMethodError'{0x0000000085933518}: static Lorg/gradle/internal/build/event/types/AbstractOperationResult;.<clinit>()V> (0x0000000085933518) 
thrown [s\src\hotspot\share\prims\jni.cpp, line 1108]
Event: 6.264 Thread 0x00000186aa2aac90 Exception <a 'java/lang/NoSuchMethodError'{0x0000000085934738}: static Lorg/gradle/internal/build/event/types/AbstractResult;.<clinit>()V> (0x0000000085934738) 
thrown [s\src\hotspot\share\prims\jni.cpp, line 1108]
Event: 6.266 Thread 0x00000186aa2aac90 Exception <a 'java/lang/NoSuchMethodError'{0x000000008594bd78}: static Lorg/gradle/internal/build/event/types/DefaultPluginApplicationResult;.<clinit>()V> (0x000000008594bd78) 
thrown [s\src\hotspot\share\prims\jni.cpp, line 1108]
Event: 6.267 Thread 0x00000186aa2aac90 Exception <a 'java/lang/NoSuchMethodError'{0x0000000085957eb8}: static Lorg/gradle/internal/build/event/types/DefaultBinaryPluginIdentifier;.<clinit>()V> (0x0000000085957eb8) 
thrown [s\src\hotspot\share\prims\jni.cpp, line 1108]
Event: 6.269 Thread 0x00000186aa2aac90 Exception <a 'java/lang/NoSuchMethodError'{0x0000000085977e80}: static Lorg/gradle/internal/build/event/types/DefaultScriptPluginIdentifier;.<clinit>()V> (0x0000000085977e80) 
thrown [s\src\hotspot\share\prims\jni.cpp, line 1108]
Event: 6.328 Thread 0x00000186aa2ac4a0 Implicit null exception at 0x0000018694739e0f to 0x000001869473a610
Event: 6.328 Thread 0x00000186aa2ac4a0 Implicit null exception at 0x000001869473f3f4 to 0x000001869473fbf8
Event: 6.985 Thread 0x00000186aa2ac4a0 Exception <a 'java/lang/ClassNotFoundException'{0x000000008488bda8}: sun/misc/SharedSecrets> (0x000000008488bda8) 
thrown [s\src\hotspot\share\classfile\systemDictionary.cpp, line 256]
Event: 6.985 Thread 0x00000186aa2ac4a0 Exception <a 'java/lang/ClassNotFoundException'{0x000000008488d380}: org/gradle/api/internal/plugins/DefaultObjectConfigurationActionBeanInfo> (0x000000008488d380) 
thrown [s\src\hotspot\share\classfile\systemDictionary.cpp, line 256]
Event: 6.986 Thread 0x00000186aa2ac4a0 Exception <a 'java/lang/ClassNotFoundException'{0x00000000848a1e98}: org/gradle/api/internal/plugins/DefaultObjectConfigurationActionCustomizer> (0x00000000848a1e98) 
thrown [s\src\hotspot\share\classfile\systemDictionary.cpp, line 256]
Event: 7.130 Thread 0x00000186a38b4320 Implicit null exception at 0x0000018694740380 to 0x0000018694740548
Event: 7.192 Thread 0x00000186aa2ac4a0 Exception <a 'java/lang/NoSuchMethodError'{0x000000008632db98}: 'java.lang.Object java.lang.invoke.DirectMethodHandle$Holder.newInvokeSpecial(java.lang.Object, java.lang.Object, java.lang.Object, java.lang.Object, int)'> (0x000000008632db98) 
thrown [s\src\hotspot\share\interpreter\linkResolver.cpp, line 771]
Event: 7.193 Thread 0x00000186aa2ac4a0 Exception <a 'java/lang/NoSuchMethodError'{0x0000000086332fe0}: 'java.lang.Object java.lang.invoke.DirectMethodHandle$Holder.invokeSpecial(java.lang.Object, java.lang.Object, java.lang.Object, java.lang.Object, java.lang.Object, int)'> (0x0000000086332fe0) 
thrown [s\src\hotspot\share\interpreter\linkResolver.cpp, line 771]
Event: 7.193 Thread 0x00000186aa2ac4a0 Exception <a 'java/lang/NoSuchMethodError'{0x0000000086337d60}: 'java.lang.Object java.lang.invoke.Invokers$Holder.linkToTargetMethod(java.lang.Object, java.lang.Object, java.lang.Object, int, java.lang.Object)'> (0x0000000086337d60) 
thrown [s\src\hotspot\share\interpreter\linkResolver.cpp, line 771]
Event: 7.380 Thread 0x00000186aa2ac4a0 Exception <a 'java/lang/NoSuchMethodError'{0x00000000851871d8}: 'int java.lang.invoke.DirectMethodHandle$Holder.invokeInterface(java.lang.Object, java.lang.Object, java.lang.Object, java.lang.Object)'> (0x00000000851871d8) 
thrown [s\src\hotspot\share\interpreter\linkResolver.cpp, line 771]

VM Operations (20 events):
Event: 7.088 Executing VM operation: G1Concurrent done
Event: 7.101 Executing VM operation: G1TryInitiateConcMark
Event: 7.103 Executing VM operation: G1TryInitiateConcMark done
Event: 7.127 Executing VM operation: G1Concurrent
Event: 7.129 Executing VM operation: G1Concurrent done
Event: 7.142 Executing VM operation: G1Concurrent
Event: 7.142 Executing VM operation: G1Concurrent done
Event: 7.372 Executing VM operation: HandshakeAllThreads
Event: 7.372 Executing VM operation: HandshakeAllThreads done
Event: 7.380 Executing VM operation: HandshakeAllThreads
Event: 7.380 Executing VM operation: HandshakeAllThreads done
Event: 7.387 Executing VM operation: G1CollectForAllocation
Event: 7.389 Executing VM operation: G1CollectForAllocation done
Event: 7.438 Executing VM operation: G1CollectForAllocation
Event: 7.440 Executing VM operation: G1CollectForAllocation done
Event: 7.995 Executing VM operation: G1CollectForAllocation
Event: 7.998 Executing VM operation: G1CollectForAllocation done
Event: 8.031 Executing VM operation: G1Concurrent
Event: 8.035 Executing VM operation: G1Concurrent done
Event: 8.049 Executing VM operation: G1Concurrent

Events (20 events):
Event: 7.683 loading class java/time/format/DateTimeTextProvider$LocaleStore
Event: 7.683 loading class java/time/format/DateTimeTextProvider$LocaleStore done
Event: 7.684 loading class java/time/format/DateTimeTextProvider
Event: 7.684 loading class java/time/format/DateTimeTextProvider done
Event: 7.684 loading class java/time/format/DateTimeTextProvider$1
Event: 7.684 loading class java/time/format/DateTimeTextProvider$1 done
Event: 7.684 loading class java/time/format/DateTimeFormatterBuilder$1
Event: 7.684 loading class java/time/format/DateTimeFormatterBuilder$1 done
Event: 7.684 loading class java/time/format/DateTimeFormatterBuilder$TextPrinterParser
Event: 7.684 loading class java/time/format/DateTimeFormatterBuilder$TextPrinterParser done
Event: 7.685 loading class java/util/concurrent/Executors$DefaultThreadFactory
Event: 7.685 loading class java/util/concurrent/Executors$DefaultThreadFactory done
Event: 7.754 Thread 0x00000186aa2f2140 Thread added: 0x00000186aa2f2140
Event: 7.888 Thread 0x00000186a822a520 Thread exited: 0x00000186a822a520
Event: 7.973 loading class java/util/IdentityHashMap$KeyIterator
Event: 7.973 loading class java/util/IdentityHashMap$IdentityHashMapIterator
Event: 7.973 loading class java/util/IdentityHashMap$IdentityHashMapIterator done
Event: 7.973 loading class java/util/IdentityHashMap$KeyIterator done
Event: 7.984 loading class jdk/internal/access/foreign/MemorySegmentProxy
Event: 7.984 loading class jdk/internal/access/foreign/MemorySegmentProxy done


Dynamic libraries:
0x00007ff76f560000 - 0x00007ff76f56a000 	C:\Program Files\Android\Android Studio\jbr\bin\java.exe
0x00007ff8d0610000 - 0x00007ff8d0808000 	C:\Windows\SYSTEM32\ntdll.dll
0x00007ff8d0510000 - 0x00007ff8d05cd000 	C:\Windows\System32\KERNEL32.DLL
0x00007ff8ce280000 - 0x00007ff8ce576000 	C:\Windows\System32\KERNELBASE.dll
0x00007ff8cdfd0000 - 0x00007ff8ce0d0000 	C:\Windows\System32\ucrtbase.dll
0x00007ff8b6370000 - 0x00007ff8b6387000 	C:\Program Files\Android\Android Studio\jbr\bin\jli.dll
0x00007ff8cf880000 - 0x00007ff8cfa1e000 	C:\Windows\System32\USER32.dll
0x00007ff8cdf00000 - 0x00007ff8cdf22000 	C:\Windows\System32\win32u.dll
0x00007ff8d04e0000 - 0x00007ff8d050b000 	C:\Windows\System32\GDI32.dll
0x00007ff8cdcc0000 - 0x00007ff8cddd7000 	C:\Windows\System32\gdi32full.dll
0x00007ff8b94f0000 - 0x00007ff8b978a000 	C:\Windows\WinSxS\amd64_microsoft.windows.common-controls_6595b64144ccf1df_6.0.19041.3636_none_60b6a03d71f818d5\COMCTL32.dll
0x00007ff8cdf30000 - 0x00007ff8cdfcd000 	C:\Windows\System32\msvcp_win.dll
0x00007ff8cf550000 - 0x00007ff8cf5ee000 	C:\Windows\System32\msvcrt.dll
0x00007ff8b7400000 - 0x00007ff8b741b000 	C:\Program Files\Android\Android Studio\jbr\bin\VCRUNTIME140.dll
0x00007ff8d0400000 - 0x00007ff8d0432000 	C:\Windows\System32\IMM32.DLL
0x00000000592a0000 - 0x00000000592ac000 	C:\Program Files (x86)\360\Total Security\safemon\SafeWrapper.dll
0x00007ff8cf720000 - 0x00007ff8cf7d0000 	C:\Windows\System32\ADVAPI32.dll
0x00007ff8d0440000 - 0x00007ff8d04e0000 	C:\Windows\System32\sechost.dll
0x00007ff8cee10000 - 0x00007ff8cef35000 	C:\Windows\System32\RPCRT4.dll
0x00007ff8ce580000 - 0x00007ff8ce5a7000 	C:\Windows\System32\bcrypt.dll
0x00007ff88bd50000 - 0x00007ff88bde2000 	C:\Program Files (x86)\360\Total Security\safemon\libzdtp64.dll
0x00007ff8cfc90000 - 0x00007ff8d03fb000 	C:\Windows\System32\SHELL32.dll
0x00007ff8cfc30000 - 0x00007ff8cfc85000 	C:\Windows\System32\SHLWAPI.dll
0x00007ff8cd820000 - 0x00007ff8cd82a000 	C:\Windows\SYSTEM32\VERSION.dll
0x00007ff8c6ff0000 - 0x00007ff8c6ffc000 	C:\Program Files\Android\Android Studio\jbr\bin\vcruntime140_1.dll
0x00007ff893720000 - 0x00007ff8937ad000 	C:\Program Files\Android\Android Studio\jbr\bin\msvcp140.dll
0x00007ff879130000 - 0x00007ff879db0000 	C:\Program Files\Android\Android Studio\jbr\bin\server\jvm.dll
0x00007ff8ba7d0000 - 0x00007ff8ba7d9000 	C:\Windows\SYSTEM32\WSOCK32.dll
0x00007ff8b3c90000 - 0x00007ff8b3cb7000 	C:\Windows\SYSTEM32\WINMM.dll
0x00007ff8cfa30000 - 0x00007ff8cfa9b000 	C:\Windows\System32\WS2_32.dll
0x00007ff8cc490000 - 0x00007ff8cc4a2000 	C:\Windows\SYSTEM32\kernel.appcore.dll
0x00007ff8ba7c0000 - 0x00007ff8ba7ca000 	C:\Program Files\Android\Android Studio\jbr\bin\jimage.dll
0x00007ff8cc1b0000 - 0x00007ff8cc394000 	C:\Windows\SYSTEM32\DBGHELP.DLL
0x00007ff8ac820000 - 0x00007ff8ac854000 	C:\Windows\SYSTEM32\dbgcore.DLL
0x00007ff8ce5b0000 - 0x00007ff8ce632000 	C:\Windows\System32\bcryptPrimitives.dll
0x00007ff8b8b60000 - 0x00007ff8b8b6e000 	C:\Program Files\Android\Android Studio\jbr\bin\instrument.dll
0x00007ff8b9db0000 - 0x00007ff8b9dd5000 	C:\Program Files\Android\Android Studio\jbr\bin\java.dll
0x00007ff8b9bc0000 - 0x00007ff8b9bd8000 	C:\Program Files\Android\Android Studio\jbr\bin\zip.dll
0x00007ff8cba00000 - 0x00007ff8cc19e000 	C:\Windows\SYSTEM32\windows.storage.dll
0x00007ff8ce640000 - 0x00007ff8ce993000 	C:\Windows\System32\combase.dll
0x00007ff8cd680000 - 0x00007ff8cd6ae000 	C:\Windows\SYSTEM32\Wldp.dll
0x00007ff8cf480000 - 0x00007ff8cf54d000 	C:\Windows\System32\OLEAUT32.dll
0x00007ff8cf610000 - 0x00007ff8cf6bd000 	C:\Windows\System32\SHCORE.dll
0x00007ff8cdbf0000 - 0x00007ff8cdc15000 	C:\Windows\SYSTEM32\profapi.dll
0x00007ff8b9b40000 - 0x00007ff8b9b59000 	C:\Program Files\Android\Android Studio\jbr\bin\net.dll
0x00007ff8c12f0000 - 0x00007ff8c13fa000 	C:\Windows\SYSTEM32\WINHTTP.dll
0x00007ff8cd3e0000 - 0x00007ff8cd44a000 	C:\Windows\system32\mswsock.dll
0x00007ff8b9170000 - 0x00007ff8b9186000 	C:\Program Files\Android\Android Studio\jbr\bin\nio.dll
0x00007ff8b9090000 - 0x00007ff8b90a0000 	C:\Program Files\Android\Android Studio\jbr\bin\verify.dll
0x00007ff8b9be0000 - 0x00007ff8b9c07000 	C:\Users\쾎嗚\.gradle\native\68d5fa5c4cc2d200863cafc0d521ce42e7d3e7ee720ec0a83991735586a16f82\windows-amd64\native-platform.dll
0x00007ff893470000 - 0x00007ff8935b4000 	C:\Users\쾎嗚\.gradle\native\e376f236ea51e6404a007f0833ffe2c6e607c4080706a723a18a27aeea778392\windows-amd64\native-platform-file-events.dll
0x00007ff8b8cc0000 - 0x00007ff8b8cc9000 	C:\Program Files\Android\Android Studio\jbr\bin\management.dll
0x00007ff8b8cb0000 - 0x00007ff8b8cbb000 	C:\Program Files\Android\Android Studio\jbr\bin\management_ext.dll
0x00007ff8cf0c0000 - 0x00007ff8cf0c8000 	C:\Windows\System32\PSAPI.DLL
0x00007ff8cd5d0000 - 0x00007ff8cd5e8000 	C:\Windows\SYSTEM32\CRYPTSP.dll
0x00007ff8ccca0000 - 0x00007ff8cccd4000 	C:\Windows\system32\rsaenh.dll
0x00007ff8cdb70000 - 0x00007ff8cdb9e000 	C:\Windows\SYSTEM32\USERENV.dll
0x00007ff8cd5f0000 - 0x00007ff8cd5fc000 	C:\Windows\SYSTEM32\CRYPTBASE.dll
0x00007ff8cd080000 - 0x00007ff8cd0bb000 	C:\Windows\SYSTEM32\IPHLPAPI.DLL
0x00007ff8cfa20000 - 0x00007ff8cfa28000 	C:\Windows\System32\NSI.dll
0x00007ff8c5590000 - 0x00007ff8c55a7000 	C:\Windows\SYSTEM32\dhcpcsvc6.DLL
0x00007ff8c5550000 - 0x00007ff8c556d000 	C:\Windows\SYSTEM32\dhcpcsvc.DLL
0x00007ff8cd0d0000 - 0x00007ff8cd19b000 	C:\Windows\SYSTEM32\DNSAPI.dll
0x00007ff8ba560000 - 0x00007ff8ba567000 	C:\Windows\system32\wshunix.dll
0x00007ff8c5790000 - 0x00007ff8c579a000 	C:\Windows\System32\rasadhlp.dll
0x00007ff8ba810000 - 0x00007ff8ba890000 	C:\Windows\System32\fwpuclnt.dll

dbghelp: loaded successfully - version: 4.0.5 - missing functions: none
symbol engine: initialized successfully - sym options: 0x614 - pdb path: .;C:\Program Files\Android\Android Studio\jbr\bin;C:\Windows\SYSTEM32;C:\Windows\WinSxS\amd64_microsoft.windows.common-controls_6595b64144ccf1df_6.0.19041.3636_none_60b6a03d71f818d5;C:\Program Files (x86)\360\Total Security\safemon;C:\Program Files\Android\Android Studio\jbr\bin\server;C:\Users\쾎嗚\.gradle\native\68d5fa5c4cc2d200863cafc0d521ce42e7d3e7ee720ec0a83991735586a16f82\windows-amd64;C:\Users\쾎嗚\.gradle\native\e376f236ea51e6404a007f0833ffe2c6e607c4080706a723a18a27aeea778392\windows-amd64

VM Arguments:
jvm_args: --add-opens=java.base/java.util=ALL-UNNAMED --add-opens=java.base/java.lang=ALL-UNNAMED --add-opens=java.base/java.lang.invoke=ALL-UNNAMED --add-opens=java.prefs/java.util.prefs=ALL-UNNAMED --add-opens=java.base/java.nio.charset=ALL-UNNAMED --add-opens=java.base/java.net=ALL-UNNAMED --add-opens=java.base/java.util.concurrent.atomic=ALL-UNNAMED -Xmx2048m -Dfile.encoding=UTF-8 -Duser.country=RU -Duser.language=ru -Duser.variant -javaagent:C:\Users\쾎嗚\.gradle\wrapper\dists\gradle-8.2-bin\bbg7u40eoinfdyxsxr3z4i7ta\gradle-8.2\lib\agents\gradle-instrumentation-agent-8.2.jar 
java_command: org.gradle.launcher.daemon.bootstrap.GradleDaemon 8.2
java_class_path (initial): C:\Users\쾎嗚\.gradle\wrapper\dists\gradle-8.2-bin\bbg7u40eoinfdyxsxr3z4i7ta\gradle-8.2\lib\gradle-launcher-8.2.jar
Launcher Type: SUN_STANDARD

[Global flags]
     intx CICompilerCount                          = 4                                         {product} {ergonomic}
     uint ConcGCThreads                            = 3                                         {product} {ergonomic}
     uint G1ConcRefinementThreads                  = 10                                        {product} {ergonomic}
   size_t G1HeapRegionSize                         = 1048576                                   {product} {ergonomic}
    uintx GCDrainStackTargetSize                   = 64                                        {product} {ergonomic}
   size_t InitialHeapSize                          = 266338304                                 {product} {ergonomic}
   size_t MarkStackSize                            = 4194304                                   {product} {ergonomic}
   size_t MaxHeapSize                              = 2147483648                                {product} {command line}
   size_t MaxNewSize                               = 1287651328                                {product} {ergonomic}
   size_t MinHeapDeltaBytes                        = 1048576                                   {product} {ergonomic}
   size_t MinHeapSize                              = 8388608                                   {product} {ergonomic}
    uintx NonNMethodCodeHeapSize                   = 5839372                                {pd product} {ergonomic}
    uintx NonProfiledCodeHeapSize                  = 122909434                              {pd product} {ergonomic}
    uintx ProfiledCodeHeapSize                     = 122909434                              {pd product} {ergonomic}
    uintx ReservedCodeCacheSize                    = 251658240                              {pd product} {ergonomic}
     bool SegmentedCodeCache                       = true                                      {product} {ergonomic}
   size_t SoftMaxHeapSize                          = 2147483648                             {manageable} {ergonomic}
     bool UseCompressedClassPointers               = true                           {product lp64_product} {ergonomic}
     bool UseCompressedOops                        = true                           {product lp64_product} {ergonomic}
     bool UseG1GC                                  = true                                      {product} {ergonomic}
     bool UseLargePagesIndividualAllocation        = false                                  {pd product} {ergonomic}

Logging:
Log output configuration:
 #0: stdout all=warning uptime,level,tags
 #1: stderr all=off uptime,level,tags

Environment Variables:
PATH=C:\Program Files (x86)\Common Files\Oracle\Java\javapath;C:\Program Files\Microsoft\jdk-11.0.16.101-hotspot\bin;C:\Inprise\vbroker\bin;C:\Windows\system32;C:\Windows;C:\Windows\System32\Wbem;C:\Windows\System32\WindowsPowerShell\v1.0\;C:\Windows\System32\OpenSSH\;C:\Program Files\Git\cmd;C:\Program Files\Microsoft SQL Server\120\Tools\Binn\;C:\Program Files\nodejs\;C:\Program Files\dotnet\;C:\Program Files\PuTTY\;C:\Program Files\gs\gs10.02.1\bin;C:\Program Files (x86)\Windows Kits\10\Windows Performance Toolkit\;C:\Program Files\MySQL\MySQL Shell 8.0\bin\;C:\Users\쾎嗚\AppData\Local\Microsoft\WindowsApps;C:\Program Files\JetBrains\IntelliJ IDEA Community Edition 2021.2.3\bin;;C:\Users\쾎嗚\AppData\Local\Microsoft VS Code\bin;C:\Users\쾎嗚\AppData\Roaming\npm;C:\Users\쾎嗚\.dotnet\tools
USERNAME=쾎嗚
OS=Windows_NT
PROCESSOR_IDENTIFIER=Intel64 Family 6 Model 158 Stepping 10, GenuineIntel
TMP=C:\Users\A946~1\AppData\Local\Temp
TEMP=C:\Users\A946~1\AppData\Local\Temp


JNI global refs:
JNI global refs: 29, weak refs: 5

JNI global refs memory usage: 843, weak refs: 841

OOME stack traces (most recent first):
Classloader memory used:
Loader org.gradle.internal.classloader.VisitableURLClassLoader                         : 3456K
Loader bootstrap                                                                       : 3100K
Loader org.gradle.initialization.MixInLegacyTypesClassLoader                           : 1168K
Loader org.gradle.internal.classloader.VisitableURLClassLoader$InstrumentingVisitableURLClassLoader: 750K
Loader jdk.internal.loader.ClassLoaders$PlatformClassLoader                            : 101830B
Loader jdk.internal.loader.ClassLoaders$AppClassLoader                                 : 28396B
Loader jdk.internal.reflect.DelegatingClassLoader                                      : 24907B
Loader org.gradle.groovy.scripts.internal.DefaultScriptCompilationHandler$ScriptClassLoader: 1754B
Loader org.codehaus.groovy.runtime.callsite.CallSiteClassLoader                        : 356B

Classes loaded by more than one classloader:
Class Program                                                                         : loaded 4 times (x 72B)
Class com.google.common.collect.Iterators$MergingIterator                             : loaded 2 times (x 79B)
Class [Lcom.google.common.collect.AbstractMapEntry;                                   : loaded 2 times (x 67B)
Class com.google.common.collect.SingletonImmutableList                                : loaded 2 times (x 167B)
Class com.google.common.cache.CacheLoader$SupplierToCacheLoader                       : loaded 2 times (x 73B)
Class org.gradle.internal.classpath.ClassPath                                         : loaded 2 times (x 68B)
Class com.google.common.cache.RemovalListener                                         : loaded 2 times (x 68B)
Class org.gradle.api.internal.classpath.DefaultModuleRegistry                         : loaded 2 times (x 84B)
Class Settings_gradle$1$1                                                             : loaded 2 times (x 72B)
Class com.google.common.collect.ListMultimap                                          : loaded 2 times (x 68B)
Class com.google.common.base.CharMatcher$JavaDigit                                    : loaded 2 times (x 109B)
Class com.google.common.base.CharMatcher$Digit                                        : loaded 2 times (x 110B)
Class com.google.common.collect.AbstractMultimap                                      : loaded 2 times (x 121B)
Class com.google.common.cache.CacheBuilder$OneWeigher                                 : loaded 2 times (x 80B)
Class org.gradle.api.Action                                                           : loaded 2 times (x 68B)
Class com.google.common.collect.ImmutableEntry                                        : loaded 2 times (x 80B)
Class com.google.common.collect.Lists$StringAsImmutableList                           : loaded 2 times (x 167B)
Class com.google.common.cache.LocalCache$StrongEntry                                  : loaded 2 times (x 106B)
Class com.google.common.base.CharMatcher                                              : loaded 2 times (x 109B)
Class com.google.common.base.CharMatcher$IsNot                                        : loaded 2 times (x 109B)
Class com.google.common.base.Splitter                                                 : loaded 2 times (x 70B)
Class [Lcom.google.common.cache.Weigher;                                              : loaded 2 times (x 67B)
Class com.google.common.collect.Iterators$ArrayItr                                    : loaded 2 times (x 95B)
Class com.google.common.cache.LocalCache$Segment                                      : loaded 2 times (x 152B)
Class org.gradle.api.internal.DefaultClassPathProvider                                : loaded 2 times (x 74B)
Class org.gradle.internal.installation.GradleInstallation$1                           : loaded 2 times (x 73B)
Class com.google.common.cache.LocalCache$AbstractReferenceEntry                       : loaded 2 times (x 105B)
Class com.google.common.util.concurrent.AbstractFuture$Failure                        : loaded 2 times (x 70B)
Class com.google.common.base.CharMatcher$BitSetMatcher                                : loaded 2 times (x 110B)
Class com.google.common.collect.ImmutableMap$IteratorBasedImmutableMap                : loaded 2 times (x 123B)
Class com.google.common.collect.ImmutableMap                                          : loaded 2 times (x 118B)
Class com.google.common.base.Converter                                                : loaded 2 times (x 88B)
Class com.google.common.collect.ImmutableSet$EmptySetBuilderImpl                      : loaded 2 times (x 74B)
Class com.google.common.base.Equivalence                                              : loaded 2 times (x 80B)
Class com.google.common.cache.LocalCache$EntryFactory$1                               : loaded 2 times (x 81B)
Class com.google.common.cache.LocalCache$EntryFactory$2                               : loaded 2 times (x 81B)
Class com.google.common.cache.LocalCache$EntryFactory$3                               : loaded 2 times (x 81B)
Class com.google.common.cache.LocalCache$EntryFactory$4                               : loaded 2 times (x 81B)
Class com.google.common.cache.LocalCache$EntryFactory$5                               : loaded 2 times (x 81B)
Class com.google.common.cache.LocalCache$EntryFactory$6                               : loaded 2 times (x 81B)
Class com.google.common.cache.LocalCache$EntryFactory$7                               : loaded 2 times (x 81B)
Class com.google.common.cache.LocalCache$EntryFactory$8                               : loaded 2 times (x 81B)
Class com.google.common.base.Predicate                                                : loaded 2 times (x 68B)
Class com.google.common.cache.LocalCache$StrongValueReference                         : loaded 2 times (x 88B)
Class org.gradle.internal.classloader.FilteringClassLoader                            : loaded 2 times (x 102B)
Class com.google.common.collect.RegularImmutableSet                                   : loaded 2 times (x 146B)
Class [Lcom.google.common.cache.LocalCache$Strength;                                  : loaded 2 times (x 67B)
Class org.gradle.internal.classpath.DefaultClassPath$ImmutableUniqueList$Builder      : loaded 2 times (x 73B)
Class com.google.common.collect.Maps$8                                                : loaded 2 times (x 80B)
Class com.google.common.base.PatternCompiler                                          : loaded 2 times (x 68B)
Class [Lcom.google.common.cache.CacheBuilder$NullListener;                            : loaded 2 times (x 67B)
Class com.google.common.base.CharMatcher$InRange                                      : loaded 2 times (x 109B)
Class com.google.common.collect.BiMap                                                 : loaded 2 times (x 68B)
Class com.google.common.collect.Lists                                                 : loaded 2 times (x 69B)
Class com.google.common.math.IntMath$1                                                : loaded 2 times (x 69B)
Class org.gradle.internal.classloader.ClassLoaderVisitor                              : loaded 2 times (x 74B)
Class com.google.common.cache.CacheBuilder$NullListener                               : loaded 2 times (x 80B)
Class com.google.common.math.MathPreconditions                                        : loaded 2 times (x 69B)
Class org.gradle.internal.service.DefaultServiceLocator                               : loaded 2 times (x 81B)
Class org.gradle.internal.service.UnknownServiceException                             : loaded 2 times (x 81B)
Class com.google.common.util.concurrent.AbstractFuture$SynchronizedHelper             : loaded 2 times (x 76B)
Class com.google.common.collect.ArrayListMultimap                                     : loaded 2 times (x 170B)
Class com.google.common.cache.CacheLoader$InvalidCacheLoadException                   : loaded 2 times (x 80B)
Class org.gradle.internal.classloader.DefaultClassLoaderFactory                       : loaded 2 times (x 80B)
Class com.google.common.collect.UnmodifiableIterator                                  : loaded 2 times (x 78B)
Class com.google.common.base.Stopwatch                                                : loaded 2 times (x 70B)
Class com.google.common.base.Platform$JdkPatternCompiler                              : loaded 2 times (x 73B)
Class com.google.common.cache.LocalCache$LoadingValueReference                        : loaded 2 times (x 94B)
Class com.google.common.base.CharMatcher$SingleWidth                                  : loaded 2 times (x 110B)
Class com.google.common.collect.Hashing                                               : loaded 2 times (x 69B)
Class com.google.common.base.JdkPattern                                               : loaded 2 times (x 73B)
Class com.google.common.collect.Multimap                                              : loaded 2 times (x 68B)
Class com.google.common.base.FunctionalEquivalence                                    : loaded 2 times (x 81B)
Class com.google.common.cache.LocalCache$1                                            : loaded 2 times (x 87B)
Class com.google.common.cache.LocalCache$2                                            : loaded 2 times (x 140B)
Class com.google.common.collect.RegularImmutableBiMap                                 : loaded 2 times (x 146B)
Class org.gradle.internal.classloader.VisitableURLClassLoader$Spec                    : loaded 2 times (x 72B)
Class org.gradle.api.GradleException                                                  : loaded 2 times (x 80B)
Class com.google.common.base.CharMatcher$JavaLetterOrDigit                            : loaded 2 times (x 109B)
Class org.gradle.api.internal.classpath.ModuleRegistry                                : loaded 2 times (x 68B)
Class com.google.common.cache.CacheBuilder                                            : loaded 2 times (x 70B)
Class com.google.common.collect.ImmutableCollection                                   : loaded 2 times (x 123B)
Class com.google.common.base.PairwiseEquivalence                                      : loaded 2 times (x 81B)
Class com.google.common.base.Ticker                                                   : loaded 2 times (x 70B)
Class org.gradle.api.internal.ClassPathProvider                                       : loaded 2 times (x 68B)
Class com.google.common.collect.RegularImmutableMap$Values                            : loaded 2 times (x 167B)
Class org.gradle.internal.classloader.ClasspathUtil$1                                 : loaded 2 times (x 74B)
Class com.google.common.collect.ImmutableEnumMap                                      : loaded 2 times (x 123B)
Class com.google.common.collect.ImmutableList$ReverseImmutableList                    : loaded 2 times (x 168B)
Class com.google.common.cache.AbstractCache$StatsCounter                              : loaded 2 times (x 68B)
Class com.google.common.cache.LocalCache$Strength$1                                   : loaded 2 times (x 79B)
Class com.google.common.cache.LocalCache$Strength$2                                   : loaded 2 times (x 79B)
Class com.google.common.cache.LocalCache$Strength$3                                   : loaded 2 times (x 79B)
Class org.gradle.internal.classloader.ClassLoaderFactory                              : loaded 2 times (x 68B)
Class com.google.common.collect.ObjectArrays                                          : loaded 2 times (x 69B)
Class com.google.common.util.concurrent.AbstractFuture$Waiter                         : loaded 2 times (x 70B)
Class com.google.common.util.concurrent.Uninterruptibles                              : loaded 2 times (x 69B)
Class com.google.common.collect.Iterators$10                                          : loaded 2 times (x 79B)
Class com.google.common.collect.ImmutableList                                         : loaded 2 times (x 166B)
Class org.gradle.api.internal.classpath.ManifestUtil                                  : loaded 2 times (x 69B)
Class org.gradle.api.specs.Spec                                                       : loaded 2 times (x 68B)
Class com.google.common.cache.CacheLoader$UnsupportedLoadingOperationException        : loaded 2 times (x 80B)
Class com.google.common.base.CharMatcher$Whitespace                                   : loaded 2 times (x 110B)
Class com.google.common.util.concurrent.ListenableFuture                              : loaded 2 times (x 68B)
Class com.google.common.collect.Iterators$1                                           : loaded 2 times (x 79B)
Class com.google.common.collect.Iterators$4                                           : loaded 2 times (x 80B)
Class com.google.common.collect.RegularImmutableMap$BucketOverflowException           : loaded 2 times (x 80B)
Class com.google.common.collect.Iterators$5                                           : loaded 2 times (x 80B)
Class com.google.common.util.concurrent.AbstractFuture$UnsafeAtomicHelper             : loaded 2 times (x 76B)
Class com.google.common.base.Equivalence$Equals                                       : loaded 2 times (x 80B)
Class com.google.common.base.Preconditions                                            : loaded 2 times (x 69B)
Class com.google.common.base.Function                                                 : loaded 2 times (x 68B)
Class com.google.common.collect.Iterators$9                                           : loaded 2 times (x 79B)
Class org.gradle.internal.IoActions                                                   : loaded 2 times (x 69B)
Class com.google.common.cache.ReferenceEntry                                          : loaded 2 times (x 68B)
Class com.google.common.collect.RegularImmutableMap$KeySet                            : loaded 2 times (x 148B)
Class com.google.common.collect.CollectPreconditions                                  : loaded 2 times (x 69B)
Class com.google.common.collect.Maps                                                  : loaded 2 times (x 69B)
Class com.google.common.collect.RegularImmutableMap                                   : loaded 2 times (x 119B)
Class com.google.common.collect.AbstractIndexedListIterator                           : loaded 2 times (x 94B)
Class com.google.common.base.CharMatcher$None                                         : loaded 2 times (x 110B)
Class org.gradle.api.internal.classpath.EffectiveClassPath                            : loaded 2 times (x 88B)
Class com.google.common.collect.UnmodifiableListIterator                              : loaded 2 times (x 93B)
Class com.google.common.cache.CacheLoader$FunctionToCacheLoader                       : loaded 2 times (x 73B)
Class com.google.common.cache.CacheBuilder$1                                          : loaded 2 times (x 83B)
Class com.google.common.cache.CacheBuilder$2                                          : loaded 2 times (x 77B)
Class com.google.common.collect.ImmutableList$1                                       : loaded 2 times (x 95B)
Class com.google.common.base.Splitter$Strategy                                        : loaded 2 times (x 68B)
Class com.google.common.cache.CacheBuilder$3                                          : loaded 2 times (x 70B)
Class com.google.common.collect.ImmutableMapEntrySet$RegularEntrySet                  : loaded 2 times (x 149B)
Class [Lcom.google.common.cache.RemovalListener;                                      : loaded 2 times (x 67B)
Class [Lcom.google.common.collect.ImmutableMapEntry;                                  : loaded 2 times (x 67B)
Class org.gradle.internal.installation.CurrentGradleInstallation                      : loaded 2 times (x 71B)
Class org.gradle.internal.agents.InstrumentingClassLoader                             : loaded 2 times (x 68B)
Class org.gradle.internal.installation.CurrentGradleInstallationLocator               : loaded 2 times (x 69B)
Class [Lcom.google.common.cache.LocalCache$Segment;                                   : loaded 2 times (x 67B)
Class org.gradle.api.internal.classpath.Module                                        : loaded 2 times (x 68B)
Class com.google.common.base.Splitter$1$1                                             : loaded 2 times (x 84B)
Class com.google.common.collect.ImmutableSet$JdkBackedSetBuilderImpl                  : loaded 2 times (x 74B)
Class com.google.common.collect.ImmutableSet$RegularSetBuilderImpl                    : loaded 2 times (x 75B)
Class org.gradle.internal.service.CachingServiceLocator                               : loaded 2 times (x 80B)
Class [Lcom.google.common.collect.ImmutableEntry;                                     : loaded 2 times (x 67B)
Class org.gradle.internal.classpath.DefaultClassPath                                  : loaded 2 times (x 88B)
Class com.google.common.util.concurrent.AbstractFuture$SetFuture                      : loaded 2 times (x 73B)
Class com.google.common.base.Splitter$SplittingIterator                               : loaded 2 times (x 82B)
Class com.google.common.cache.LocalCache$LocalManualCache$1                           : loaded 2 times (x 73B)
Class [Lcom.google.common.cache.LocalCache$EntryFactory;                              : loaded 2 times (x 67B)
Class com.google.common.base.CharMatcher$Is                                           : loaded 2 times (x 109B)
Class com.google.common.base.Platform                                                 : loaded 2 times (x 69B)
Class com.google.common.collect.RegularImmutableAsList                                : loaded 2 times (x 176B)
Class com.google.common.collect.PeekingIterator                                       : loaded 2 times (x 68B)
Class com.google.common.collect.ImmutableMapEntrySet                                  : loaded 2 times (x 149B)
Class com.google.common.cache.CacheLoader                                             : loaded 2 times (x 72B)
Class com.google.common.collect.ImmutableBiMapFauxverideShim                          : loaded 2 times (x 118B)
Class com.google.common.cache.Cache                                                   : loaded 2 times (x 68B)
Class org.gradle.internal.classloader.SystemClassLoaderSpec                           : loaded 2 times (x 69B)
Class com.google.common.util.concurrent.internal.InternalFutureFailureAccess          : loaded 2 times (x 70B)
Class com.google.common.collect.SingletonImmutableSet                                 : loaded 2 times (x 144B)
Class [Lcom.google.common.base.AbstractIterator$State;                                : loaded 2 times (x 67B)
Class com.google.common.collect.ImmutableMap$Builder                                  : loaded 2 times (x 80B)
Class com.google.common.base.AbstractIterator                                         : loaded 2 times (x 78B)
Class com.google.common.base.AbstractIterator$1                                       : loaded 2 times (x 69B)
Class [Lcom.google.common.cache.CacheBuilder$OneWeigher;                              : loaded 2 times (x 67B)
Class com.google.common.collect.Iterators                                             : loaded 2 times (x 69B)
Class com.google.common.base.CharMatcher$1                                            : loaded 2 times (x 111B)
Class com.google.common.base.CharMatcher$Ascii                                        : loaded 2 times (x 110B)
Class com.google.common.cache.LocalCache$ComputingValueReference                      : loaded 2 times (x 94B)
Class org.gradle.api.UncheckedIOException                                             : loaded 2 times (x 80B)
Class com.google.common.base.CharMatcher$And                                          : loaded 2 times (x 110B)
Class com.google.common.collect.IndexedImmutableSet                                   : loaded 2 times (x 148B)
Class com.google.common.collect.IndexedImmutableSet$1                                 : loaded 2 times (x 172B)
Class com.google.common.collect.AbstractListMultimap                                  : loaded 2 times (x 170B)
Class com.google.common.base.CharMatcher$Any                                          : loaded 2 times (x 110B)
Class org.gradle.internal.installation.GradleInstallation                             : loaded 2 times (x 73B)
Class com.google.common.cache.LocalCache$Strength                                     : loaded 2 times (x 79B)
Class com.google.common.collect.ArrayListMultimapGwtSerializationDependencies         : loaded 2 times (x 170B)
Class com.google.common.base.CharMatcher$RangesMatcher                                : loaded 2 times (x 110B)
Class com.google.common.collect.ImmutableList$SubList                                 : loaded 2 times (x 168B)
Class com.google.common.cache.LocalCache$ValueReference                               : loaded 2 times (x 68B)
Class org.gradle.internal.classloader.ClasspathUtil                                   : loaded 2 times (x 69B)
Class com.google.common.util.concurrent.AbstractFuture                                : loaded 2 times (x 93B)
Class com.google.common.base.Splitter$1                                               : loaded 2 times (x 75B)
Class com.google.common.base.Ticker$1                                                 : loaded 2 times (x 70B)
Class com.google.common.collect.Maps$BiMapConverter                                   : loaded 2 times (x 88B)
Class org.gradle.api.internal.DefaultClassPathRegistry                                : loaded 2 times (x 74B)
Class com.google.common.util.concurrent.AbstractFuture$Cancellation                   : loaded 2 times (x 70B)
Class com.google.common.collect.ImmutableSet$SetBuilderImpl                           : loaded 2 times (x 74B)
Class org.gradle.api.internal.classpath.DefaultModuleRegistry$DefaultModule           : loaded 2 times (x 84B)
Class com.google.common.base.CharMatcher$JavaIsoControl                               : loaded 2 times (x 110B)
Class com.google.common.collect.ImmutableMap$1                                        : loaded 2 times (x 79B)
Class com.google.common.base.CharMatcher$Or                                           : loaded 2 times (x 110B)
Class com.google.common.base.Suppliers$SupplierOfInstance                             : loaded 2 times (x 77B)
Class com.google.common.collect.Iterables                                             : loaded 2 times (x 69B)
Class com.google.common.base.CharMatcher$JavaLowerCase                                : loaded 2 times (x 109B)
Class org.gradle.api.internal.classpath.UnknownModuleException                        : loaded 2 times (x 80B)
Class com.google.common.util.concurrent.AbstractFuture$Listener                       : loaded 2 times (x 70B)
Class com.google.common.collect.Maps$EntryTransformer                                 : loaded 2 times (x 68B)
Class com.google.common.collect.ImmutableCollection$Builder                           : loaded 2 times (x 74B)
Class com.google.common.collect.SingletonImmutableBiMap                               : loaded 2 times (x 141B)
Class com.google.common.base.CommonPattern                                            : loaded 2 times (x 72B)
Class com.google.common.base.Suppliers                                                : loaded 2 times (x 69B)
Class com.google.common.cache.LoadingCache                                            : loaded 2 times (x 68B)
Class org.gradle.internal.service.ServiceLookupException                              : loaded 2 times (x 80B)
Class org.gradle.cache.GlobalCache                                                    : loaded 2 times (x 68B)
Class com.google.common.base.CharMatcher$NegatedFastMatcher                           : loaded 2 times (x 111B)
Class [Lorg.gradle.api.internal.ClassPathProvider;                                    : loaded 2 times (x 67B)
Class com.google.common.util.concurrent.AbstractFuture$SafeAtomicHelper               : loaded 2 times (x 77B)
Class org.gradle.util.internal.GUtil                                                  : loaded 2 times (x 69B)
Class com.google.common.math.IntMath                                                  : loaded 2 times (x 69B)
Class com.google.common.collect.AbstractIterator                                      : loaded 2 times (x 80B)
Class org.gradle.internal.classloader.ClassLoaderSpec                                 : loaded 2 times (x 69B)
Class com.google.common.base.NullnessCasts                                            : loaded 2 times (x 69B)
Class com.google.common.cache.LocalCache$LocalManualCache                             : loaded 2 times (x 97B)
Class com.google.common.collect.AbstractMapEntry                                      : loaded 2 times (x 79B)
Class com.google.common.base.CharMatcher$Negated                                      : loaded 2 times (x 111B)
Class com.google.common.cache.CacheLoader$1                                           : loaded 2 times (x 73B)
Class com.google.common.util.concurrent.AbstractFuture$TrustedFuture                  : loaded 2 times (x 95B)
Class com.google.common.collect.ImmutableSet$Builder                                  : loaded 2 times (x 83B)
Class com.google.common.base.CharMatcher$ForPredicate                                 : loaded 2 times (x 110B)
Class com.google.common.collect.ImmutableMap$MapViewOfValuesAsSingletonSets           : loaded 2 times (x 123B)
Class com.google.common.base.MoreObjects                                              : loaded 2 times (x 69B)
Class com.google.common.collect.SortedMapDifference                                   : loaded 2 times (x 68B)
Class com.google.common.cache.CacheStats                                              : loaded 2 times (x 69B)
Class org.gradle.internal.classloader.VisitableURLClassLoader                         : loaded 2 times (x 114B)
Class com.google.common.cache.LocalCache$LocalLoadingCache                            : loaded 2 times (x 132B)
Class com.google.common.base.Supplier                                                 : loaded 2 times (x 68B)
Class com.google.common.util.concurrent.AbstractFuture$AtomicHelper                   : loaded 2 times (x 76B)
Class com.google.common.collect.ImmutableBiMap                                        : loaded 2 times (x 141B)
Class org.gradle.internal.Cast                                                        : loaded 2 times (x 69B)
Class org.gradle.api.internal.ClassPathRegistry                                       : loaded 2 times (x 68B)
Class com.google.common.cache.LocalCache$EntryFactory                                 : loaded 2 times (x 81B)
Class com.google.common.util.concurrent.UncheckedExecutionException                   : loaded 2 times (x 80B)
Class com.google.common.collect.ImmutableSet                                          : loaded 2 times (x 143B)
Class org.gradle.internal.classloader.VisitableURLClassLoader$InstrumentingVisitableURLClassLoader: loaded 2 times (x 120B)
Class org.gradle.internal.classloader.ClassLoaderHierarchy                            : loaded 2 times (x 68B)
Class com.google.common.base.AbstractIterator$State                                   : loaded 2 times (x 77B)
Class com.google.common.cache.Weigher                                                 : loaded 2 times (x 68B)
Class com.google.common.base.CharMatcher$NamedFastMatcher                             : loaded 2 times (x 110B)
Class org.gradle.internal.InternalTransformer                                         : loaded 2 times (x 68B)
Class org.gradle.internal.service.ServiceLocator                                      : loaded 2 times (x 68B)
Class Settings_gradle$1                                                               : loaded 2 times (x 72B)
Class com.google.common.util.concurrent.SettableFuture                                : loaded 2 times (x 95B)
Class com.google.common.collect.ImmutableMapEntry                                     : loaded 2 times (x 83B)
Class com.google.common.base.CharMatcher$Invisible                                    : loaded 2 times (x 110B)
Class com.google.common.base.CharMatcher$FastMatcher                                  : loaded 2 times (x 109B)
Class org.gradle.internal.classpath.DefaultClassPath$ImmutableUniqueList              : loaded 2 times (x 159B)
Class com.google.common.base.CharMatcher$JavaLetter                                   : loaded 2 times (x 109B)
Class org.gradle.internal.classpath.TransformedClassPath                              : loaded 2 times (x 94B)
Class com.google.common.collect.MapDifference                                         : loaded 2 times (x 68B)
Class com.google.common.util.concurrent.AbstractFuture$Trusted                        : loaded 2 times (x 68B)
Class Settings_gradle                                                                 : loaded 2 times (x 126B)
Class com.google.common.collect.Platform                                              : loaded 2 times (x 69B)
Class com.google.common.collect.ImmutableAsList                                       : loaded 2 times (x 169B)
Class com.google.common.util.concurrent.ExecutionError                                : loaded 2 times (x 80B)
Class com.google.common.base.Equivalence$Identity                                     : loaded 2 times (x 80B)
Class com.google.common.base.CharMatcher$AnyOf                                        : loaded 2 times (x 110B)
Class com.google.common.base.CharMatcher$IsEither                                     : loaded 2 times (x 109B)
Class com.google.common.cache.LocalCache                                              : loaded 2 times (x 185B)
Class com.google.common.collect.RegularImmutableList                                  : loaded 2 times (x 172B)
Class com.google.common.util.concurrent.AbstractFuture$UnsafeAtomicHelper$1           : loaded 2 times (x 74B)
Class com.google.common.base.CharMatcher$JavaUpperCase                                : loaded 2 times (x 109B)
Class com.google.common.collect.Multiset                                              : loaded 2 times (x 68B)
Class com.google.common.collect.ImmutableSet$CachingAsList                            : loaded 2 times (x 145B)
Class com.google.common.collect.ImmutableMapEntry$NonTerminalImmutableMapEntry        : loaded 2 times (x 83B)
Class com.google.common.collect.AbstractMapBasedMultimap                              : loaded 2 times (x 137B)


---------------  S Y S T E M  ---------------

OS:
 Windows 10 , 64 bit Build 19041 (10.0.19041.3636)
OS uptime: 5 days 6:41 hours

CPU: total 12 (initial active 12) (6 cores per cpu, 2 threads per core) family 6 model 158 stepping 10 microcode 0xca, cx8, cmov, fxsr, ht, mmx, 3dnowpref, sse, sse2, sse3, ssse3, sse4.1, sse4.2, popcnt, lzcnt, tsc, tscinvbit, avx, avx2, aes, erms, clmul, bmi1, bmi2, adx, fma, vzeroupper, clflush, clflushopt

Memory: 4k page, system-wide physical 16224M (201M free)
TotalPageFile size 19938M (AvailPageFile size 1M)
current process WorkingSet (physical memory assigned to process): 312M, peak: 315M
current process commit charge ("private bytes"): 347M, peak: 400M

vm_info: OpenJDK 64-Bit Server VM (17.0.7+0-b2043.56-10550314) for windows-amd64 JRE (17.0.7+0-b2043.56-10550314), built on Jul 24 2023 18:27:45 by "androidbuild" with MS VC++ 16.10 / 16.11 (VS2019)

END.
